1768350556.342939 can0 601 [8] 40 41 60 00 00 00 00 00
1768350556.343705 can0 581 [8] 42 41 60 00 37 06 00 00
1768350556.393330 can0 601 [8] 23 42 60 00 64 00 00 00
1768350556.394105 can0 581 [8] 80 42 60 00 00 00 02 06
1768350559.393595 can0 601 [8] 40 41 60 00 00 00 00 00
1768350559.394399 can0 581 [8] 42 41 60 00 37 06 00 00
1768350559.444014 can0 601 [8] 23 42 60 00 C8 00 00 00
1768350559.444770 can0 581 [8] 80 42 60 00 00 00 02 06
1768350562.444201 can0 601 [8] 40 41 60 00 00 00 00 00
1768350562.445055 can0 581 [8] 42 41 60 00 37 06 00 00
1768350562.494560 can0 601 [8] 23 42 60 00 9C FF FF FF
1768350562.495273 can0 581 [8] 80 42 60 00 00 00 02 06
1768350565.495329 can0 601 [8] 40 41 60 00 00 00 00 00
1768350565.496151 can0 581 [8] 42 41 60 00 37 06 00 00
1768350565.545603 can0 601 [8] 23 42 60 00 00 00 00 00
1768350565.546417 can0 581 [8] 80 42 60 00 00 00 02 06
1768350567.545805 can0 601 [8] 40 41 60 00 00 00 00 00
1768350567.546640 can0 581 [8] 42 41 60 00 37 06 00 00
1768350567.596195 can0 601 [8] 23 42 60 00 00 00 00 00
1768350567.596923 can0 581 [8] 80 42 60 00 00 00 02 06
