1768350876.698390 can0 601 [8] 40 41 60 00 00 00 00 00
1768350876.699143 can0 581 [8] 42 41 60 00 37 06 00 00
1768350876.748669 can0 601 [8] 40 61 60 00 00 00 00 00
1768350876.749420 can0 581 [8] 42 61 60 00 03 00 00 00
1768350955.277112 can0 000 [2] 82 01
1768350955.277829 can0 701 [1] 00
1768350956.377516 can0 000 [2] 01 01
1768350956.977754 can0 601 [8] 23 40 60 00 80 00 00 00
1768350956.978492 can0 581 [8] 60 40 60 00 00 00 00 00
1768350957.528074 can0 601 [8] 40 41 60 00 00 00 00 00
1768350957.528909 can0 581 [8] 42 41 60 00 37 06 00 00
1768351119.762486 can0 601 [8] 40 61 60 00 00 00 00 00
1768351119.763261 can0 581 [8] 42 61 60 00 03 00 00 00
1768351119.862981 can0 601 [8] 23 40 60 00 06 00 00 00
1768351119.863742 can0 581 [8] 60 40 60 00 00 00 00 00
1768351120.263204 can0 601 [8] 23 60 60 00 03 00 00 00
1768351120.263990 can0 581 [8] 60 60 60 00 00 00 00 00
1768351120.863461 can0 601 [8] 40 61 60 00 00 00 00 00
1768351120.864212 can0 581 [8] 42 61 60 00 03 00 00 00
1768351120.963703 can0 601 [8] 23 40 60 00 07 00 00 00
1768351120.964423 can0 581 [8] 60 40 60 00 00 00 00 00
1768351121.364021 can0 601 [8] 23 40 60 00 0F 00 00 00
1768351121.364766 can0 581 [8] 60 40 60 00 00 00 00 00
1768351121.964226 can0 601 [8] 40 41 60 00 00 00 00 00
1768351121.965090 can0 581 [8] 42 41 60 00 37 06 00 00
1768351252.239681 can0 000 [2] 82 01
1768351252.240480 can0 701 [1] 00
1768351253.340051 can0 000 [2] 01 01
1768351253.940271 can0 601 [8] 23 40 60 00 80 00 00 00
1768351253.941046 can0 581 [8] 60 40 60 00 00 00 00 00
1768351254.490614 can0 601 [8] 40 41 60 00 00 00 00 00
1768351254.491361 can0 581 [8] 42 41 60 00 37 06 00 00
1768351283.037065 can0 601 [8] 40 41 60 00 00 00 00 00
1768351283.037834 can0 581 [8] 42 41 60 00 37 06 00 00
1768351283.087380 can0 601 [8] 40 61 60 00 00 00 00 00
1768351283.088113 can0 581 [8] 42 61 60 00 03 00 00 00
1768351283.137727 can0 601 [8] 23 42 60 00 32 00 00 00
1768351283.138464 can0 581 [8] 80 42 60 00 00 00 02 06
1768351283.187957 can0 601 [8] 40 42 60 00 00 00 00 00
1768351283.188695 can0 581 [8] 80 42 60 00 00 00 02 06
1768351285.238380 can0 601 [8] 23 42 60 00 64 00 00 00
1768351285.239193 can0 581 [8] 80 42 60 00 00 00 02 06
1768351285.288589 can0 601 [8] 40 42 60 00 00 00 00 00
1768351285.289400 can0 581 [8] 80 42 60 00 00 00 02 06
1768351287.339819 can0 601 [8] 23 42 60 00 C8 00 00 00
1768351287.340588 can0 581 [8] 80 42 60 00 00 00 02 06
1768351287.389985 can0 601 [8] 40 42 60 00 00 00 00 00
1768351287.390757 can0 581 [8] 80 42 60 00 00 00 02 06
1768351289.440503 can0 601 [8] 23 42 60 00 00 00 00 00
1768351289.441295 can0 581 [8] 80 42 60 00 00 00 02 06
1768351289.490713 can0 601 [8] 40 42 60 00 00 00 00 00
1768351289.491480 can0 581 [8] 80 42 60 00 00 00 02 06
1768351290.541378 can0 601 [8] 23 42 60 00 CE FF FF FF
1768351290.542066 can0 581 [8] 80 42 60 00 00 00 02 06
1768351290.591512 can0 601 [8] 40 42 60 00 00 00 00 00
1768351290.592242 can0 581 [8] 80 42 60 00 00 00 02 06
1768351292.642574 can0 601 [8] 23 42 60 00 6A FF FF FF
1768351292.643308 can0 581 [8] 80 42 60 00 00 00 02 06
1768351292.693681 can0 601 [8] 40 42 60 00 00 00 00 00
1768351292.694460 can0 581 [8] 80 42 60 00 00 00 02 06
1768351294.744656 can0 601 [8] 23 42 60 00 00 00 00 00
1768351294.745404 can0 581 [8] 80 42 60 00 00 00 02 06
1768351294.794901 can0 601 [8] 40 42 60 00 00 00 00 00
1768351294.795761 can0 581 [8] 80 42 60 00 00 00 02 06
1768351295.845298 can0 601 [8] 23 42 60 00 00 00 00 00
1768351295.846040 can0 581 [8] 80 42 60 00 00 00 02 06
