1768349234.542600 can0 00000000 [8] 06 00 00 00 00 00 00 00
1768349234.544759 can0 00000000 [0] 
1768349234.552851 can0 00000000 [8] 06 00 00 00 00 00 00 00
1768349234.554957 can0 00000000 [0] 
1768349234.563129 can0 00000000 [8] 06 00 00 00 00 00 00 00
1768349234.565196 can0 00000000 [0] 
1768349234.573358 can0 00000000 [8] 06 00 00 00 00 00 00 00
1768349234.575548 can0 00000000 [0] 
1768349234.583805 can0 00000000 [8] 06 00 00 00 00 00 00 00
1768349234.585997 can0 00000000 [0] 
1768349234.594210 can0 00000000 [8] 06 00 00 00 00 00 00 00
1768349234.596336 can0 00000000 [0] 
1768349234.604537 can0 00000000 [8] 06 00 00 00 00 00 00 00
1768349234.606701 can0 00000000 [0] 
1768349234.614882 can0 00000000 [8] 06 00 00 00 00 00 00 00
1768349234.617079 can0 00000000 [0] 
1768349234.625300 can0 00000000 [8] 06 00 00 00 00 00 00 00
1768349234.627419 can0 00000000 [0] 
1768349234.635635 can0 00000000 [8] 06 00 00 00 00 00 00 00
1768349234.637844 can0 00000000 [0] 
1768349234.846116 can0 00000000 [8] 07 00 00 00 00 00 00 00
1768349234.848190 can0 00000000 [0] 
1768349234.856365 can0 00000000 [8] 07 00 00 00 00 00 00 00
1768349234.858433 can0 00000000 [0] 
1768349234.866561 can0 00000000 [8] 07 00 00 00 00 00 00 00
1768349234.868652 can0 00000000 [0] 
1768349234.876774 can0 00000000 [8] 07 00 00 00 00 00 00 00
1768349234.878881 can0 00000000 [0] 
1768349234.887064 can0 00000000 [8] 07 00 00 00 00 00 00 00
1768349234.889224 can0 00000000 [0] 
1768349234.897409 can0 00000000 [8] 07 00 00 00 00 00 00 00
1768349234.899555 can0 00000000 [0] 
1768349234.907740 can0 00000000 [8] 07 00 00 00 00 00 00 00
1768349234.909839 can0 00000000 [0] 
1768349234.918037 can0 00000000 [8] 07 00 00 00 00 00 00 00
1768349234.920196 can0 00000000 [0] 
1768349234.928366 can0 00000000 [8] 07 00 00 00 00 00 00 00
1768349234.930526 can0 00000000 [0] 
1768349234.938604 can0 00000000 [8] 07 00 00 00 00 00 00 00
1768349234.940707 can0 00000000 [0] 
1768349235.149013 can0 00000000 [8] 0F 00 00 00 00 00 00 00
1768349235.151108 can0 00000000 [0] 
1768349235.159241 can0 00000000 [8] 0F 00 00 00 00 00 00 00
1768349235.161356 can0 00000000 [0] 
1768349235.169555 can0 00000000 [8] 0F 00 00 00 00 00 00 00
1768349235.171617 can0 00000000 [0] 
1768349235.179718 can0 00000000 [8] 0F 00 00 00 00 00 00 00
1768349235.181825 can0 00000000 [0] 
1768349235.189967 can0 00000000 [8] 0F 00 00 00 00 00 00 00
1768349235.192066 can0 00000000 [0] 
1768349235.200188 can0 00000000 [8] 0F 00 00 00 00 00 00 00
1768349235.202442 can0 00000000 [0] 
1768349235.210633 can0 00000000 [8] 0F 00 00 00 00 00 00 00
1768349235.212811 can0 00000000 [0] 
1768349235.220947 can0 00000000 [8] 0F 00 00 00 00 00 00 00
1768349235.223054 can0 00000000 [0] 
1768349235.231171 can0 00000000 [8] 0F 00 00 00 00 00 00 00
1768349235.233368 can0 00000000 [0] 
1768349235.241579 can0 00000000 [8] 0F 00 00 00 00 00 00 00
1768349235.243765 can0 00000000 [0] 
1768349237.452723 can0 00000000 [8] 0F 00 A0 86 01 00 00 00
1768349237.454906 can0 00000000 [0] 
1768349237.463070 can0 00000000 [8] 0F 00 A0 86 01 00 00 00
1768349237.465245 can0 00000000 [0] 
1768349237.473405 can0 00000000 [8] 0F 00 A0 86 01 00 00 00
1768349237.475507 can0 00000000 [0] 
1768349237.483658 can0 00000000 [8] 0F 00 A0 86 01 00 00 00
1768349237.485772 can0 00000000 [0] 
1768349237.493939 can0 00000000 [8] 0F 00 A0 86 01 00 00 00
1768349237.496052 can0 00000000 [0] 
1768349237.504236 can0 00000000 [8] 0F 00 A0 86 01 00 00 00
1768349237.506348 can0 00000000 [0] 
1768349237.514596 can0 00000000 [8] 0F 00 A0 86 01 00 00 00
1768349237.516627 can0 00000000 [0] 
1768349237.524802 can0 00000000 [8] 0F 00 A0 86 01 00 00 00
1768349237.526921 can0 00000000 [0] 
1768349237.535109 can0 00000000 [8] 0F 00 A0 86 01 00 00 00
1768349237.537204 can0 00000000 [0] 
1768349237.545411 can0 00000000 [8] 0F 00 A0 86 01 00 00 00
1768349237.547594 can0 00000000 [0] 
1768349237.555660 can0 00000000 [8] 0F 00 A0 86 01 00 00 00
1768349237.557775 can0 00000000 [0] 
1768349237.565919 can0 00000000 [8] 0F 00 A0 86 01 00 00 00
1768349237.568008 can0 00000000 [0] 
1768349237.576132 can0 00000000 [8] 0F 00 A0 86 01 00 00 00
1768349237.578227 can0 00000000 [0] 
1768349237.586358 can0 00000000 [8] 0F 00 A0 86 01 00 00 00
1768349237.588467 can0 00000000 [0] 
1768349237.596586 can0 00000000 [8] 0F 00 A0 86 01 00 00 00
1768349237.598687 can0 00000000 [0] 
1768349237.606858 can0 00000000 [8] 0F 00 A0 86 01 00 00 00
1768349237.608977 can0 00000000 [0] 
1768349237.617195 can0 00000000 [8] 0F 00 A0 86 01 00 00 00
1768349237.619330 can0 00000000 [0] 
1768349237.627632 can0 00000000 [8] 0F 00 A0 86 01 00 00 00
1768349237.629743 can0 00000000 [0] 
1768349237.637920 can0 00000000 [8] 0F 00 A0 86 01 00 00 00
1768349237.640036 can0 00000000 [0] 
1768349237.648159 can0 00000000 [8] 0F 00 A0 86 01 00 00 00
1768349237.650226 can0 00000000 [0] 
1768349237.658346 can0 00000000 [8] 0F 00 A0 86 01 00 00 00
1768349237.660469 can0 00000000 [0] 
1768349237.668619 can0 00000000 [8] 0F 00 A0 86 01 00 00 00
1768349237.670764 can0 00000000 [0] 
1768349237.678858 can0 00000000 [8] 0F 00 A0 86 01 00 00 00
1768349237.681005 can0 00000000 [0] 
1768349237.689147 can0 00000000 [8] 0F 00 A0 86 01 00 00 00
1768349237.691222 can0 00000000 [0] 
1768349237.699379 can0 00000000 [8] 0F 00 A0 86 01 00 00 00
1768349237.701501 can0 00000000 [0] 
1768349237.709656 can0 00000000 [8] 0F 00 A0 86 01 00 00 00
1768349237.711761 can0 00000000 [0] 
1768349237.720044 can0 00000000 [8] 0F 00 A0 86 01 00 00 00
1768349237.722018 can0 00000000 [0] 
1768349237.730149 can0 00000000 [8] 0F 00 A0 86 01 00 00 00
1768349237.732250 can0 00000000 [0] 
1768349237.740453 can0 00000000 [8] 0F 00 A0 86 01 00 00 00
1768349237.742599 can0 00000000 [0] 
1768349237.750640 can0 00000000 [8] 0F 00 A0 86 01 00 00 00
1768349237.752742 can0 00000000 [0] 
1768349237.760946 can0 00000000 [8] 0F 00 A0 86 01 00 00 00
1768349237.763058 can0 00000000 [0] 
1768349237.771224 can0 00000000 [8] 0F 00 A0 86 01 00 00 00
1768349237.773342 can0 00000000 [0] 
1768349237.781472 can0 00000000 [8] 0F 00 A0 86 01 00 00 00
1768349237.783607 can0 00000000 [0] 
1768349237.791727 can0 00000000 [8] 0F 00 A0 86 01 00 00 00
1768349237.793815 can0 00000000 [0] 
1768349237.801963 can0 00000000 [8] 0F 00 A0 86 01 00 00 00
1768349237.804076 can0 00000000 [0] 
1768349237.812216 can0 00000000 [8] 0F 00 A0 86 01 00 00 00
1768349237.814316 can0 00000000 [0] 
1768349237.822455 can0 00000000 [8] 0F 00 A0 86 01 00 00 00
1768349237.824601 can0 00000000 [0] 
1768349237.832690 can0 00000000 [8] 0F 00 A0 86 01 00 00 00
1768349237.834806 can0 00000000 [0] 
1768349237.842946 can0 00000000 [8] 0F 00 A0 86 01 00 00 00
1768349237.845070 can0 00000000 [0] 
1768349237.853255 can0 00000000 [8] 0F 00 A0 86 01 00 00 00
1768349237.855356 can0 00000000 [0] 
1768349237.863491 can0 00000000 [8] 0F 00 A0 86 01 00 00 00
1768349237.865590 can0 00000000 [0] 
1768349237.873728 can0 00000000 [8] 0F 00 A0 86 01 00 00 00
1768349237.875851 can0 00000000 [0] 
1768349237.883981 can0 00000000 [8] 0F 00 A0 86 01 00 00 00
1768349237.886096 can0 00000000 [0] 
1768349237.894233 can0 00000000 [8] 0F 00 A0 86 01 00 00 00
1768349237.896347 can0 00000000 [0] 
1768349237.904492 can0 00000000 [8] 0F 00 A0 86 01 00 00 00
1768349237.906590 can0 00000000 [0] 
1768349237.914750 can0 00000000 [8] 0F 00 A0 86 01 00 00 00
1768349237.916884 can0 00000000 [0] 
1768349237.925039 can0 00000000 [8] 0F 00 A0 86 01 00 00 00
1768349237.927156 can0 00000000 [0] 
1768349237.935278 can0 00000000 [8] 0F 00 A0 86 01 00 00 00
1768349237.937382 can0 00000000 [0] 
1768349237.945600 can0 00000000 [8] 0F 00 A0 86 01 00 00 00
1768349237.947602 can0 00000000 [0] 
1768349237.955719 can0 00000000 [8] 0F 00 A0 86 01 00 00 00
1768349237.957877 can0 00000000 [0] 
1768349237.965990 can0 00000000 [8] 0F 00 A0 86 01 00 00 00
1768349237.968107 can0 00000000 [0] 
1768349237.976242 can0 00000000 [8] 0F 00 A0 86 01 00 00 00
1768349237.978344 can0 00000000 [0] 
1768349237.986451 can0 00000000 [8] 0F 00 A0 86 01 00 00 00
1768349237.988591 can0 00000000 [0] 
1768349237.996714 can0 00000000 [8] 0F 00 A0 86 01 00 00 00
1768349237.998835 can0 00000000 [0] 
1768349238.006959 can0 00000000 [8] 0F 00 A0 86 01 00 00 00
1768349238.009073 can0 00000000 [0] 
1768349238.017251 can0 00000000 [8] 0F 00 A0 86 01 00 00 00
1768349238.019375 can0 00000000 [0] 
1768349238.027599 can0 00000000 [8] 0F 00 A0 86 01 00 00 00
1768349238.029606 can0 00000000 [0] 
1768349238.037738 can0 00000000 [8] 0F 00 A0 86 01 00 00 00
1768349238.039840 can0 00000000 [0] 
1768349238.048000 can0 00000000 [8] 0F 00 A0 86 01 00 00 00
1768349238.050092 can0 00000000 [0] 
1768349238.058239 can0 00000000 [8] 0F 00 A0 86 01 00 00 00
1768349238.060339 can0 00000000 [0] 
1768349238.068460 can0 00000000 [8] 0F 00 A0 86 01 00 00 00
1768349238.070602 can0 00000000 [0] 
1768349238.078746 can0 00000000 [8] 0F 00 A0 86 01 00 00 00
1768349238.080842 can0 00000000 [0] 
1768349238.088966 can0 00000000 [8] 0F 00 A0 86 01 00 00 00
1768349238.091081 can0 00000000 [0] 
1768349238.099255 can0 00000000 [8] 0F 00 A0 86 01 00 00 00
1768349238.101371 can0 00000000 [0] 
1768349238.109496 can0 00000000 [8] 0F 00 A0 86 01 00 00 00
1768349238.111605 can0 00000000 [0] 
1768349238.119743 can0 00000000 [8] 0F 00 A0 86 01 00 00 00
1768349238.121874 can0 00000000 [0] 
1768349238.130023 can0 00000000 [8] 0F 00 A0 86 01 00 00 00
1768349238.132116 can0 00000000 [0] 
1768349238.140258 can0 00000000 [8] 0F 00 A0 86 01 00 00 00
1768349238.142349 can0 00000000 [0] 
1768349238.150491 can0 00000000 [8] 0F 00 A0 86 01 00 00 00
1768349238.152599 can0 00000000 [0] 
1768349238.160747 can0 00000000 [8] 0F 00 A0 86 01 00 00 00
1768349238.162873 can0 00000000 [0] 
1768349238.171038 can0 00000000 [8] 0F 00 A0 86 01 00 00 00
1768349238.173139 can0 00000000 [0] 
1768349238.181251 can0 00000000 [8] 0F 00 A0 86 01 00 00 00
1768349238.183340 can0 00000000 [0] 
1768349238.191472 can0 00000000 [8] 0F 00 A0 86 01 00 00 00
1768349238.193606 can0 00000000 [0] 
1768349238.201701 can0 00000000 [8] 0F 00 A0 86 01 00 00 00
1768349238.203807 can0 00000000 [0] 
1768349238.211940 can0 00000000 [8] 0F 00 A0 86 01 00 00 00
1768349238.214041 can0 00000000 [0] 
1768349238.222173 can0 00000000 [8] 0F 00 A0 86 01 00 00 00
1768349238.224260 can0 00000000 [0] 
1768349238.232393 can0 00000000 [8] 0F 00 A0 86 01 00 00 00
1768349238.234497 can0 00000000 [0] 
1768349238.242655 can0 00000000 [8] 0F 00 A0 86 01 00 00 00
1768349238.244763 can0 00000000 [0] 
1768349238.252909 can0 00000000 [8] 0F 00 A0 86 01 00 00 00
1768349238.255005 can0 00000000 [0] 
1768349238.263126 can0 00000000 [8] 0F 00 A0 86 01 00 00 00
1768349238.265214 can0 00000000 [0] 
1768349238.273375 can0 00000000 [8] 0F 00 A0 86 01 00 00 00
1768349238.275475 can0 00000000 [0] 
1768349238.283619 can0 00000000 [8] 0F 00 A0 86 01 00 00 00
1768349238.285715 can0 00000000 [0] 
1768349238.293834 can0 00000000 [8] 0F 00 A0 86 01 00 00 00
1768349238.295916 can0 00000000 [0] 
1768349238.304077 can0 00000000 [8] 0F 00 A0 86 01 00 00 00
1768349238.306246 can0 00000000 [0] 
1768349238.314393 can0 00000000 [8] 0F 00 A0 86 01 00 00 00
1768349238.316499 can0 00000000 [0] 
1768349238.324656 can0 00000000 [8] 0F 00 A0 86 01 00 00 00
1768349238.326774 can0 00000000 [0] 
1768349238.334940 can0 00000000 [8] 0F 00 A0 86 01 00 00 00
1768349238.337067 can0 00000000 [0] 
1768349238.345242 can0 00000000 [8] 0F 00 A0 86 01 00 00 00
1768349238.347342 can0 00000000 [0] 
1768349238.355469 can0 00000000 [8] 0F 00 A0 86 01 00 00 00
1768349238.357604 can0 00000000 [0] 
1768349238.365685 can0 00000000 [8] 0F 00 A0 86 01 00 00 00
1768349238.367780 can0 00000000 [0] 
1768349238.375908 can0 00000000 [8] 0F 00 A0 86 01 00 00 00
1768349238.378000 can0 00000000 [0] 
1768349238.386167 can0 00000000 [8] 0F 00 A0 86 01 00 00 00
1768349238.388308 can0 00000000 [0] 
1768349238.396438 can0 00000000 [8] 0F 00 A0 86 01 00 00 00
1768349238.398594 can0 00000000 [0] 
1768349238.406762 can0 00000000 [8] 0F 00 A0 86 01 00 00 00
1768349238.408918 can0 00000000 [0] 
1768349238.417058 can0 00000000 [8] 0F 00 A0 86 01 00 00 00
1768349238.419216 can0 00000000 [0] 
1768349238.427385 can0 00000000 [8] 0F 00 A0 86 01 00 00 00
1768349238.429486 can0 00000000 [0] 
1768349238.437603 can0 00000000 [8] 0F 00 A0 86 01 00 00 00
1768349238.439706 can0 00000000 [0] 
1768349238.447834 can0 00000000 [8] 0F 00 A0 86 01 00 00 00
1768349238.449955 can0 00000000 [0] 
1768349238.458087 can0 00000000 [8] 0F 00 A0 86 01 00 00 00
1768349238.460186 can0 00000000 [0] 
1768349238.468304 can0 00000000 [8] 0F 00 A0 86 01 00 00 00
1768349238.470400 can0 00000000 [0] 
1768349238.478611 can0 00000000 [8] 0F 00 A0 86 01 00 00 00
1768349238.480622 can0 00000000 [0] 
1768349238.488780 can0 00000000 [8] 0F 00 A0 86 01 00 00 00
1768349238.490875 can0 00000000 [0] 
1768349238.498987 can0 00000000 [8] 0F 00 A0 86 01 00 00 00
1768349238.501097 can0 00000000 [0] 
1768349238.509262 can0 00000000 [8] 0F 00 A0 86 01 00 00 00
1768349238.511354 can0 00000000 [0] 
1768349238.519508 can0 00000000 [8] 0F 00 A0 86 01 00 00 00
1768349238.521612 can0 00000000 [0] 
1768349238.529718 can0 00000000 [8] 0F 00 A0 86 01 00 00 00
1768349238.531821 can0 00000000 [0] 
1768349238.539944 can0 00000000 [8] 0F 00 A0 86 01 00 00 00
1768349238.542047 can0 00000000 [0] 
1768349238.550180 can0 00000000 [8] 0F 00 A0 86 01 00 00 00
1768349238.552286 can0 00000000 [0] 
1768349238.560406 can0 00000000 [8] 0F 00 A0 86 01 00 00 00
1768349238.562505 can0 00000000 [0] 
1768349238.570625 can0 00000000 [8] 0F 00 A0 86 01 00 00 00
1768349238.572745 can0 00000000 [0] 
1768349238.580864 can0 00000000 [8] 0F 00 A0 86 01 00 00 00
1768349238.582976 can0 00000000 [0] 
1768349238.591123 can0 00000000 [8] 0F 00 A0 86 01 00 00 00
1768349238.593201 can0 00000000 [0] 
1768349238.601359 can0 00000000 [8] 0F 00 A0 86 01 00 00 00
1768349238.603469 can0 00000000 [0] 
1768349238.611614 can0 00000000 [8] 0F 00 A0 86 01 00 00 00
1768349238.613691 can0 00000000 [0] 
1768349238.621862 can0 00000000 [8] 0F 00 A0 86 01 00 00 00
1768349238.623965 can0 00000000 [0] 
1768349238.632100 can0 00000000 [8] 0F 00 A0 86 01 00 00 00
1768349238.634186 can0 00000000 [0] 
1768349238.642293 can0 00000000 [8] 0F 00 A0 86 01 00 00 00
1768349238.644393 can0 00000000 [0] 
1768349238.652520 can0 00000000 [8] 0F 00 A0 86 01 00 00 00
1768349238.654609 can0 00000000 [0] 
1768349238.662724 can0 00000000 [8] 0F 00 A0 86 01 00 00 00
1768349238.664821 can0 00000000 [0] 
1768349238.672940 can0 00000000 [8] 0F 00 A0 86 01 00 00 00
1768349238.675028 can0 00000000 [0] 
1768349238.683157 can0 00000000 [8] 0F 00 A0 86 01 00 00 00
1768349238.685208 can0 00000000 [0] 
1768349238.693310 can0 00000000 [8] 0F 00 A0 86 01 00 00 00
1768349238.695400 can0 00000000 [0] 
1768349238.703617 can0 00000000 [8] 0F 00 A0 86 01 00 00 00
1768349238.705646 can0 00000000 [0] 
1768349238.713769 can0 00000000 [8] 0F 00 A0 86 01 00 00 00
1768349238.715877 can0 00000000 [0] 
1768349238.724005 can0 00000000 [8] 0F 00 A0 86 01 00 00 00
1768349238.726113 can0 00000000 [0] 
1768349238.734224 can0 00000000 [8] 0F 00 A0 86 01 00 00 00
1768349238.736319 can0 00000000 [0] 
1768349238.744466 can0 00000000 [8] 0F 00 A0 86 01 00 00 00
1768349238.746618 can0 00000000 [0] 
1768349238.754702 can0 00000000 [8] 0F 00 A0 86 01 00 00 00
1768349238.756800 can0 00000000 [0] 
1768349238.764948 can0 00000000 [8] 0F 00 A0 86 01 00 00 00
1768349238.767050 can0 00000000 [0] 
1768349238.775258 can0 00000000 [8] 0F 00 A0 86 01 00 00 00
1768349238.777359 can0 00000000 [0] 
1768349238.785528 can0 00000000 [8] 0F 00 A0 86 01 00 00 00
1768349238.787624 can0 00000000 [0] 
1768349238.795759 can0 00000000 [8] 0F 00 A0 86 01 00 00 00
1768349238.797878 can0 00000000 [0] 
1768349238.806035 can0 00000000 [8] 0F 00 A0 86 01 00 00 00
1768349238.808136 can0 00000000 [0] 
1768349238.816289 can0 00000000 [8] 0F 00 A0 86 01 00 00 00
1768349238.818412 can0 00000000 [0] 
1768349238.826620 can0 00000000 [8] 0F 00 A0 86 01 00 00 00
1768349238.828633 can0 00000000 [0] 
1768349238.836759 can0 00000000 [8] 0F 00 A0 86 01 00 00 00
1768349238.838871 can0 00000000 [0] 
1768349238.847007 can0 00000000 [8] 0F 00 A0 86 01 00 00 00
1768349238.849106 can0 00000000 [0] 
1768349238.857227 can0 00000000 [8] 0F 00 A0 86 01 00 00 00
1768349238.859327 can0 00000000 [0] 
1768349238.867442 can0 00000000 [8] 0F 00 A0 86 01 00 00 00
1768349238.869621 can0 00000000 [0] 
1768349238.877655 can0 00000000 [8] 0F 00 A0 86 01 00 00 00
1768349238.879744 can0 00000000 [0] 
1768349238.887879 can0 00000000 [8] 0F 00 A0 86 01 00 00 00
1768349238.889989 can0 00000000 [0] 
1768349238.898131 can0 00000000 [8] 0F 00 A0 86 01 00 00 00
1768349238.900232 can0 00000000 [0] 
1768349238.908370 can0 00000000 [8] 0F 00 A0 86 01 00 00 00
1768349238.910472 can0 00000000 [0] 
1768349238.918621 can0 00000000 [8] 0F 00 A0 86 01 00 00 00
1768349238.920695 can0 00000000 [0] 
1768349238.928830 can0 00000000 [8] 0F 00 A0 86 01 00 00 00
1768349238.930925 can0 00000000 [0] 
1768349238.939067 can0 00000000 [8] 0F 00 A0 86 01 00 00 00
1768349238.941184 can0 00000000 [0] 
1768349238.949338 can0 00000000 [8] 0F 00 A0 86 01 00 00 00
1768349238.951416 can0 00000000 [0] 
1768349238.959624 can0 00000000 [8] 0F 00 A0 86 01 00 00 00
1768349238.961640 can0 00000000 [0] 
1768349238.969769 can0 00000000 [8] 0F 00 A0 86 01 00 00 00
1768349238.971874 can0 00000000 [0] 
1768349238.979983 can0 00000000 [8] 0F 00 A0 86 01 00 00 00
1768349238.982088 can0 00000000 [0] 
1768349238.990216 can0 00000000 [8] 0F 00 A0 86 01 00 00 00
1768349238.992319 can0 00000000 [0] 
1768349239.000426 can0 00000000 [8] 0F 00 A0 86 01 00 00 00
1768349239.002520 can0 00000000 [0] 
1768349239.010669 can0 00000000 [8] 0F 00 A0 86 01 00 00 00
1768349239.012782 can0 00000000 [0] 
1768349239.020910 can0 00000000 [8] 0F 00 A0 86 01 00 00 00
1768349239.023005 can0 00000000 [0] 
1768349239.031161 can0 00000000 [8] 0F 00 A0 86 01 00 00 00
1768349239.033215 can0 00000000 [0] 
1768349239.041357 can0 00000000 [8] 0F 00 A0 86 01 00 00 00
1768349239.043466 can0 00000000 [0] 
1768349239.051621 can0 00000000 [8] 0F 00 A0 86 01 00 00 00
1768349239.053689 can0 00000000 [0] 
1768349239.061804 can0 00000000 [8] 0F 00 A0 86 01 00 00 00
1768349239.063884 can0 00000000 [0] 
1768349239.072004 can0 00000000 [8] 0F 00 A0 86 01 00 00 00
1768349239.074105 can0 00000000 [0] 
1768349239.082218 can0 00000000 [8] 0F 00 A0 86 01 00 00 00
1768349239.084303 can0 00000000 [0] 
1768349239.092419 can0 00000000 [8] 0F 00 A0 86 01 00 00 00
1768349239.094516 can0 00000000 [0] 
1768349239.102636 can0 00000000 [8] 0F 00 A0 86 01 00 00 00
1768349239.104714 can0 00000000 [0] 
1768349239.112832 can0 00000000 [8] 0F 00 A0 86 01 00 00 00
1768349239.114933 can0 00000000 [0] 
1768349239.123052 can0 00000000 [8] 0F 00 A0 86 01 00 00 00
1768349239.125125 can0 00000000 [0] 
1768349239.133247 can0 00000000 [8] 0F 00 A0 86 01 00 00 00
1768349239.135327 can0 00000000 [0] 
1768349239.143454 can0 00000000 [8] 0F 00 A0 86 01 00 00 00
1768349239.145622 can0 00000000 [0] 
1768349239.153725 can0 00000000 [8] 0F 00 A0 86 01 00 00 00
1768349239.155796 can0 00000000 [0] 
1768349239.163940 can0 00000000 [8] 0F 00 A0 86 01 00 00 00
1768349239.166031 can0 00000000 [0] 
1768349239.174137 can0 00000000 [8] 0F 00 A0 86 01 00 00 00
1768349239.176221 can0 00000000 [0] 
1768349239.184350 can0 00000000 [8] 0F 00 A0 86 01 00 00 00
1768349239.186471 can0 00000000 [0] 
1768349239.194621 can0 00000000 [8] 0F 00 A0 86 01 00 00 00
1768349239.196681 can0 00000000 [0] 
1768349239.204823 can0 00000000 [8] 0F 00 A0 86 01 00 00 00
1768349239.206920 can0 00000000 [0] 
1768349239.215060 can0 00000000 [8] 0F 00 A0 86 01 00 00 00
1768349239.217162 can0 00000000 [0] 
1768349239.225357 can0 00000000 [8] 0F 00 A0 86 01 00 00 00
1768349239.227525 can0 00000000 [0] 
1768349239.235768 can0 00000000 [8] 0F 00 A0 86 01 00 00 00
1768349239.237941 can0 00000000 [0] 
1768349239.246157 can0 00000000 [8] 0F 00 A0 86 01 00 00 00
1768349239.248370 can0 00000000 [0] 
1768349239.256634 can0 00000000 [8] 0F 00 A0 86 01 00 00 00
1768349239.258723 can0 00000000 [0] 
1768349239.266899 can0 00000000 [8] 0F 00 A0 86 01 00 00 00
1768349239.269046 can0 00000000 [0] 
1768349239.277207 can0 00000000 [8] 0F 00 A0 86 01 00 00 00
1768349239.279366 can0 00000000 [0] 
1768349239.287624 can0 00000000 [8] 0F 00 A0 86 01 00 00 00
1768349239.289649 can0 00000000 [0] 
1768349239.297806 can0 00000000 [8] 0F 00 A0 86 01 00 00 00
1768349239.299900 can0 00000000 [0] 
1768349239.308069 can0 00000000 [8] 0F 00 A0 86 01 00 00 00
1768349239.310171 can0 00000000 [0] 
1768349239.318285 can0 00000000 [8] 0F 00 A0 86 01 00 00 00
1768349239.320377 can0 00000000 [0] 
1768349239.328519 can0 00000000 [8] 0F 00 A0 86 01 00 00 00
1768349239.330645 can0 00000000 [0] 
1768349239.338731 can0 00000000 [8] 0F 00 A0 86 01 00 00 00
1768349239.340851 can0 00000000 [0] 
1768349239.348983 can0 00000000 [8] 0F 00 A0 86 01 00 00 00
1768349239.351104 can0 00000000 [0] 
1768349239.359242 can0 00000000 [8] 0F 00 A0 86 01 00 00 00
1768349239.361318 can0 00000000 [0] 
1768349239.369505 can0 00000000 [8] 0F 00 A0 86 01 00 00 00
1768349239.371678 can0 00000000 [0] 
1768349239.379852 can0 00000000 [8] 0F 00 A0 86 01 00 00 00
1768349239.382011 can0 00000000 [0] 
1768349239.390187 can0 00000000 [8] 0F 00 A0 86 01 00 00 00
1768349239.392283 can0 00000000 [0] 
1768349239.400478 can0 00000000 [8] 0F 00 A0 86 01 00 00 00
1768349239.402626 can0 00000000 [0] 
1768349239.410644 can0 00000000 [8] 0F 00 A0 86 01 00 00 00
1768349239.412741 can0 00000000 [0] 
1768349239.420873 can0 00000000 [8] 0F 00 A0 86 01 00 00 00
1768349239.422971 can0 00000000 [0] 
1768349239.431116 can0 00000000 [8] 0F 00 A0 86 01 00 00 00
1768349239.433220 can0 00000000 [0] 
1768349239.441342 can0 00000000 [8] 0F 00 A0 86 01 00 00 00
1768349239.443429 can0 00000000 [0] 
1768349239.451631 can0 00000000 [8] 0F 00 A0 86 01 00 00 00
1768349239.453663 can0 00000000 [0] 
1768349239.461797 can0 00000000 [8] 0F 00 A0 86 01 00 00 00
1768349239.463904 can0 00000000 [0] 
1768349239.472118 can0 00000000 [8] 0F 00 A0 86 01 00 00 00
1768349239.474263 can0 00000000 [0] 
1768349239.482434 can0 00000000 [8] 0F 00 A0 86 01 00 00 00
1768349239.484541 can0 00000000 [0] 
1768349239.492706 can0 00000000 [8] 0F 00 A0 86 01 00 00 00
1768349239.494826 can0 00000000 [0] 
1768349239.502955 can0 00000000 [8] 0F 00 A0 86 01 00 00 00
1768349239.505049 can0 00000000 [0] 
1768349239.513231 can0 00000000 [8] 0F 00 A0 86 01 00 00 00
1768349239.515327 can0 00000000 [0] 
1768349239.523453 can0 00000000 [8] 0F 00 A0 86 01 00 00 00
1768349239.525630 can0 00000000 [0] 
1768349239.533718 can0 00000000 [8] 0F 00 A0 86 01 00 00 00
1768349239.535835 can0 00000000 [0] 
1768349239.543948 can0 00000000 [8] 0F 00 A0 86 01 00 00 00
1768349239.546062 can0 00000000 [0] 
1768349239.554195 can0 00000000 [8] 0F 00 A0 86 01 00 00 00
1768349239.556309 can0 00000000 [0] 
1768349239.564436 can0 00000000 [8] 0F 00 A0 86 01 00 00 00
1768349239.566529 can0 00000000 [0] 
1768349239.574650 can0 00000000 [8] 0F 00 A0 86 01 00 00 00
1768349239.576740 can0 00000000 [0] 
1768349239.584888 can0 00000000 [8] 0F 00 A0 86 01 00 00 00
1768349239.586983 can0 00000000 [0] 
1768349239.595117 can0 00000000 [8] 0F 00 A0 86 01 00 00 00
1768349239.597269 can0 00000000 [0] 
1768349239.605369 can0 00000000 [8] 0F 00 A0 86 01 00 00 00
1768349239.607482 can0 00000000 [0] 
1768349239.615629 can0 00000000 [8] 0F 00 A0 86 01 00 00 00
1768349239.617724 can0 00000000 [0] 
1768349239.625844 can0 00000000 [8] 0F 00 A0 86 01 00 00 00
1768349239.627927 can0 00000000 [0] 
1768349239.636067 can0 00000000 [8] 0F 00 A0 86 01 00 00 00
1768349239.638197 can0 00000000 [0] 
1768349239.646314 can0 00000000 [8] 0F 00 A0 86 01 00 00 00
1768349239.648426 can0 00000000 [0] 
1768349239.656635 can0 00000000 [8] 0F 00 A0 86 01 00 00 00
1768349239.658648 can0 00000000 [0] 
1768349239.666772 can0 00000000 [8] 0F 00 A0 86 01 00 00 00
1768349239.668885 can0 00000000 [0] 
1768349239.677006 can0 00000000 [8] 0F 00 A0 86 01 00 00 00
1768349239.679123 can0 00000000 [0] 
1768349239.687240 can0 00000000 [8] 0F 00 A0 86 01 00 00 00
1768349239.689353 can0 00000000 [0] 
1768349239.697482 can0 00000000 [8] 0F 00 A0 86 01 00 00 00
1768349239.699630 can0 00000000 [0] 
1768349239.707701 can0 00000000 [8] 0F 00 A0 86 01 00 00 00
1768349239.709824 can0 00000000 [0] 
1768349239.717939 can0 00000000 [8] 0F 00 A0 86 01 00 00 00
1768349239.720056 can0 00000000 [0] 
1768349239.728204 can0 00000000 [8] 0F 00 A0 86 01 00 00 00
1768349239.730316 can0 00000000 [0] 
1768349239.738480 can0 00000000 [8] 0F 00 A0 86 01 00 00 00
1768349239.740627 can0 00000000 [0] 
1768349239.748778 can0 00000000 [8] 0F 00 A0 86 01 00 00 00
1768349239.750927 can0 00000000 [0] 
1768349239.759098 can0 00000000 [8] 0F 00 A0 86 01 00 00 00
1768349239.761264 can0 00000000 [0] 
1768349239.769434 can0 00000000 [8] 0F 00 A0 86 01 00 00 00
1768349239.771637 can0 00000000 [0] 
1768349239.779716 can0 00000000 [8] 0F 00 A0 86 01 00 00 00
1768349239.781852 can0 00000000 [0] 
1768349239.790149 can0 00000000 [8] 0F 00 A0 86 01 00 00 00
1768349239.792223 can0 00000000 [0] 
1768349239.800391 can0 00000000 [8] 0F 00 A0 86 01 00 00 00
1768349239.802520 can0 00000000 [0] 
1768349239.810699 can0 00000000 [8] 0F 00 A0 86 01 00 00 00
1768349239.812863 can0 00000000 [0] 
1768349239.821032 can0 00000000 [8] 0F 00 A0 86 01 00 00 00
1768349239.823147 can0 00000000 [0] 
1768349239.831238 can0 00000000 [8] 0F 00 A0 86 01 00 00 00
1768349239.833354 can0 00000000 [0] 
1768349239.841465 can0 00000000 [8] 0F 00 A0 86 01 00 00 00
1768349239.843633 can0 00000000 [0] 
1768349239.851726 can0 00000000 [8] 0F 00 A0 86 01 00 00 00
1768349239.853843 can0 00000000 [0] 
1768349239.861999 can0 00000000 [8] 0F 00 A0 86 01 00 00 00
1768349239.864109 can0 00000000 [0] 
1768349239.872246 can0 00000000 [8] 0F 00 A0 86 01 00 00 00
1768349239.874342 can0 00000000 [0] 
1768349239.882473 can0 00000000 [8] 0F 00 A0 86 01 00 00 00
1768349239.884636 can0 00000000 [0] 
1768349239.892678 can0 00000000 [8] 0F 00 A0 86 01 00 00 00
1768349239.894773 can0 00000000 [0] 
1768349239.902873 can0 00000000 [8] 0F 00 A0 86 01 00 00 00
1768349239.904956 can0 00000000 [0] 
1768349239.913054 can0 00000000 [8] 0F 00 A0 86 01 00 00 00
1768349239.915144 can0 00000000 [0] 
1768349239.923241 can0 00000000 [8] 0F 00 A0 86 01 00 00 00
1768349239.925333 can0 00000000 [0] 
1768349239.933462 can0 00000000 [8] 0F 00 A0 86 01 00 00 00
1768349239.935636 can0 00000000 [0] 
1768349239.943685 can0 00000000 [8] 0F 00 A0 86 01 00 00 00
1768349239.945782 can0 00000000 [0] 
1768349239.953909 can0 00000000 [8] 0F 00 A0 86 01 00 00 00
1768349239.956014 can0 00000000 [0] 
1768349239.964143 can0 00000000 [8] 0F 00 A0 86 01 00 00 00
1768349239.966199 can0 00000000 [0] 
1768349239.974334 can0 00000000 [8] 0F 00 A0 86 01 00 00 00
1768349239.976435 can0 00000000 [0] 
1768349239.984638 can0 00000000 [8] 0F 00 A0 86 01 00 00 00
1768349239.986665 can0 00000000 [0] 
1768349239.994792 can0 00000000 [8] 0F 00 A0 86 01 00 00 00
1768349239.996887 can0 00000000 [0] 
1768349240.005021 can0 00000000 [8] 0F 00 A0 86 01 00 00 00
1768349240.007118 can0 00000000 [0] 
1768349240.015224 can0 00000000 [8] 0F 00 A0 86 01 00 00 00
1768349240.017324 can0 00000000 [0] 
1768349240.025460 can0 00000000 [8] 0F 00 A0 86 01 00 00 00
1768349240.027636 can0 00000000 [0] 
1768349240.035675 can0 00000000 [8] 0F 00 A0 86 01 00 00 00
1768349240.037768 can0 00000000 [0] 
1768349240.045899 can0 00000000 [8] 0F 00 A0 86 01 00 00 00
1768349240.047992 can0 00000000 [0] 
1768349240.056139 can0 00000000 [8] 0F 00 A0 86 01 00 00 00
1768349240.058239 can0 00000000 [0] 
1768349240.066413 can0 00000000 [8] 0F 00 A0 86 01 00 00 00
1768349240.068659 can0 00000000 [0] 
1768349240.076741 can0 00000000 [8] 0F 00 A0 86 01 00 00 00
1768349240.078901 can0 00000000 [0] 
1768349240.087047 can0 00000000 [8] 0F 00 A0 86 01 00 00 00
1768349240.089176 can0 00000000 [0] 
1768349240.097390 can0 00000000 [8] 0F 00 A0 86 01 00 00 00
1768349240.099488 can0 00000000 [0] 
1768349240.107635 can0 00000000 [8] 0F 00 A0 86 01 00 00 00
1768349240.109745 can0 00000000 [0] 
1768349240.117899 can0 00000000 [8] 0F 00 A0 86 01 00 00 00
1768349240.120014 can0 00000000 [0] 
1768349240.128141 can0 00000000 [8] 0F 00 A0 86 01 00 00 00
1768349240.130233 can0 00000000 [0] 
1768349240.138374 can0 00000000 [8] 0F 00 A0 86 01 00 00 00
1768349240.140469 can0 00000000 [0] 
1768349240.148655 can0 00000000 [8] 0F 00 A0 86 01 00 00 00
1768349240.150766 can0 00000000 [0] 
1768349240.158934 can0 00000000 [8] 0F 00 A0 86 01 00 00 00
1768349240.161095 can0 00000000 [0] 
1768349240.169264 can0 00000000 [8] 0F 00 A0 86 01 00 00 00
1768349240.171340 can0 00000000 [0] 
1768349240.179451 can0 00000000 [8] 0F 00 A0 86 01 00 00 00
1768349240.181541 can0 00000000 [0] 
1768349240.189680 can0 00000000 [8] 0F 00 A0 86 01 00 00 00
1768349240.191781 can0 00000000 [0] 
1768349240.199891 can0 00000000 [8] 0F 00 A0 86 01 00 00 00
1768349240.202006 can0 00000000 [0] 
1768349240.210128 can0 00000000 [8] 0F 00 A0 86 01 00 00 00
1768349240.212232 can0 00000000 [0] 
1768349240.220364 can0 00000000 [8] 0F 00 A0 86 01 00 00 00
1768349240.222450 can0 00000000 [0] 
1768349240.230644 can0 00000000 [8] 0F 00 A0 86 01 00 00 00
1768349240.232689 can0 00000000 [0] 
1768349240.240803 can0 00000000 [8] 0F 00 A0 86 01 00 00 00
1768349240.242893 can0 00000000 [0] 
1768349240.251017 can0 00000000 [8] 0F 00 A0 86 01 00 00 00
1768349240.253101 can0 00000000 [0] 
1768349240.261244 can0 00000000 [8] 0F 00 A0 86 01 00 00 00
1768349240.263342 can0 00000000 [0] 
1768349240.271444 can0 00000000 [8] 0F 00 A0 86 01 00 00 00
1768349240.273526 can0 00000000 [0] 
1768349240.281646 can0 00000000 [8] 0F 00 A0 86 01 00 00 00
1768349240.283743 can0 00000000 [0] 
1768349240.291860 can0 00000000 [8] 0F 00 A0 86 01 00 00 00
1768349240.293974 can0 00000000 [0] 
1768349240.302109 can0 00000000 [8] 0F 00 A0 86 01 00 00 00
1768349240.304230 can0 00000000 [0] 
1768349240.312345 can0 00000000 [8] 0F 00 A0 86 01 00 00 00
1768349240.314441 can0 00000000 [0] 
1768349240.322653 can0 00000000 [8] 0F 00 A0 86 01 00 00 00
1768349240.324664 can0 00000000 [0] 
1768349240.332862 can0 00000000 [8] 0F 00 A0 86 01 00 00 00
1768349240.334947 can0 00000000 [0] 
1768349240.343069 can0 00000000 [8] 0F 00 A0 86 01 00 00 00
1768349240.345170 can0 00000000 [0] 
1768349240.353350 can0 00000000 [8] 0F 00 A0 86 01 00 00 00
1768349240.355452 can0 00000000 [0] 
1768349240.363644 can0 00000000 [8] 0F 00 A0 86 01 00 00 00
1768349240.365690 can0 00000000 [0] 
1768349240.373794 can0 00000000 [8] 0F 00 A0 86 01 00 00 00
1768349240.375881 can0 00000000 [0] 
1768349240.384000 can0 00000000 [8] 0F 00 A0 86 01 00 00 00
1768349240.386095 can0 00000000 [0] 
1768349240.394238 can0 00000000 [8] 0F 00 A0 86 01 00 00 00
1768349240.396337 can0 00000000 [0] 
1768349240.404477 can0 00000000 [8] 0F 00 A0 86 01 00 00 00
1768349240.406644 can0 00000000 [0] 
1768349240.414733 can0 00000000 [8] 0F 00 A0 86 01 00 00 00
1768349240.416890 can0 00000000 [0] 
1768349240.425088 can0 00000000 [8] 0F 00 A0 86 01 00 00 00
1768349240.427249 can0 00000000 [0] 
1768349240.435440 can0 00000000 [8] 0F 00 A0 86 01 00 00 00
1768349240.437545 can0 00000000 [0] 
1768349240.445722 can0 00000000 [8] 0F 00 A0 86 01 00 00 00
1768349240.447834 can0 00000000 [0] 
1768349240.455957 can0 00000000 [8] 0F 00 A0 86 01 00 00 00
1768349240.458061 can0 00000000 [0] 
1768349240.466221 can0 00000000 [8] 0F 00 A0 86 01 00 00 00
1768349240.468328 can0 00000000 [0] 
1768349240.476477 can0 00000000 [8] 0F 00 A0 86 01 00 00 00
1768349240.478645 can0 00000000 [0] 
1768349240.486675 can0 00000000 [8] 0F 00 A0 86 01 00 00 00
1768349240.488753 can0 00000000 [0] 
1768349240.496861 can0 00000000 [8] 0F 00 A0 86 01 00 00 00
1768349240.498945 can0 00000000 [0] 
1768349240.507109 can0 00000000 [8] 0F 00 A0 86 01 00 00 00
1768349240.509226 can0 00000000 [0] 
1768349240.517396 can0 00000000 [8] 0F 00 A0 86 01 00 00 00
1768349240.519476 can0 00000000 [0] 
1768349240.527670 can0 00000000 [8] 0F 00 A0 86 01 00 00 00
1768349240.529740 can0 00000000 [0] 
1768349240.537941 can0 00000000 [8] 0F 00 A0 86 01 00 00 00
1768349240.540111 can0 00000000 [0] 
1768349240.548298 can0 00000000 [8] 0F 00 A0 86 01 00 00 00
1768349240.550451 can0 00000000 [0] 
1768349240.558670 can0 00000000 [8] 0F 00 A0 86 01 00 00 00
1768349240.560762 can0 00000000 [0] 
1768349240.568942 can0 00000000 [8] 0F 00 A0 86 01 00 00 00
1768349240.571052 can0 00000000 [0] 
1768349240.579176 can0 00000000 [8] 0F 00 A0 86 01 00 00 00
1768349240.581300 can0 00000000 [0] 
1768349240.589468 can0 00000000 [8] 0F 00 A0 86 01 00 00 00
1768349240.591646 can0 00000000 [0] 
1768349240.599699 can0 00000000 [8] 0F 00 A0 86 01 00 00 00
1768349240.601788 can0 00000000 [0] 
1768349240.609925 can0 00000000 [8] 0F 00 A0 86 01 00 00 00
1768349240.612040 can0 00000000 [0] 
1768349240.620145 can0 00000000 [8] 0F 00 A0 86 01 00 00 00
1768349240.622201 can0 00000000 [0] 
1768349240.630347 can0 00000000 [8] 0F 00 A0 86 01 00 00 00
1768349240.632466 can0 00000000 [0] 
1768349240.640650 can0 00000000 [8] 0F 00 A0 86 01 00 00 00
1768349240.642716 can0 00000000 [0] 
1768349240.650851 can0 00000000 [8] 0F 00 A0 86 01 00 00 00
1768349240.652966 can0 00000000 [0] 
1768349240.661119 can0 00000000 [8] 0F 00 A0 86 01 00 00 00
1768349240.663216 can0 00000000 [0] 
1768349240.671339 can0 00000000 [8] 0F 00 A0 86 01 00 00 00
1768349240.673443 can0 00000000 [0] 
1768349240.681646 can0 00000000 [8] 0F 00 A0 86 01 00 00 00
1768349240.683640 can0 00000000 [0] 
1768349240.691777 can0 00000000 [8] 0F 00 A0 86 01 00 00 00
1768349240.693899 can0 00000000 [0] 
1768349240.702023 can0 00000000 [8] 0F 00 A0 86 01 00 00 00
1768349240.704120 can0 00000000 [0] 
1768349240.712300 can0 00000000 [8] 0F 00 A0 86 01 00 00 00
1768349240.714392 can0 00000000 [0] 
1768349240.722496 can0 00000000 [8] 0F 00 A0 86 01 00 00 00
1768349240.724649 can0 00000000 [0] 
1768349240.732725 can0 00000000 [8] 0F 00 A0 86 01 00 00 00
1768349240.734828 can0 00000000 [0] 
1768349240.742944 can0 00000000 [8] 0F 00 A0 86 01 00 00 00
1768349240.745035 can0 00000000 [0] 
1768349240.753180 can0 00000000 [8] 0F 00 A0 86 01 00 00 00
1768349240.755284 can0 00000000 [0] 
1768349240.763410 can0 00000000 [8] 0F 00 A0 86 01 00 00 00
1768349240.765505 can0 00000000 [0] 
1768349240.773639 can0 00000000 [8] 0F 00 A0 86 01 00 00 00
1768349240.775752 can0 00000000 [0] 
1768349240.783897 can0 00000000 [8] 0F 00 A0 86 01 00 00 00
1768349240.785985 can0 00000000 [0] 
1768349240.794096 can0 00000000 [8] 0F 00 A0 86 01 00 00 00
1768349240.796228 can0 00000000 [0] 
1768349240.804358 can0 00000000 [8] 0F 00 A0 86 01 00 00 00
1768349240.806457 can0 00000000 [0] 
1768349240.814657 can0 00000000 [8] 0F 00 A0 86 01 00 00 00
1768349240.816677 can0 00000000 [0] 
1768349240.824806 can0 00000000 [8] 0F 00 A0 86 01 00 00 00
1768349240.826901 can0 00000000 [0] 
1768349240.835018 can0 00000000 [8] 0F 00 A0 86 01 00 00 00
1768349240.837126 can0 00000000 [0] 
1768349240.845258 can0 00000000 [8] 0F 00 A0 86 01 00 00 00
1768349240.847366 can0 00000000 [0] 
1768349240.855494 can0 00000000 [8] 0F 00 A0 86 01 00 00 00
1768349240.857653 can0 00000000 [0] 
1768349240.865710 can0 00000000 [8] 0F 00 A0 86 01 00 00 00
1768349240.867809 can0 00000000 [0] 
1768349240.875939 can0 00000000 [8] 0F 00 A0 86 01 00 00 00
1768349240.878045 can0 00000000 [0] 
1768349240.886253 can0 00000000 [8] 0F 00 A0 86 01 00 00 00
1768349240.888333 can0 00000000 [0] 
1768349240.896420 can0 00000000 [8] 0F 00 A0 86 01 00 00 00
1768349240.898528 can0 00000000 [0] 
1768349240.906648 can0 00000000 [8] 0F 00 A0 86 01 00 00 00
1768349240.908775 can0 00000000 [0] 
1768349240.916931 can0 00000000 [8] 0F 00 A0 86 01 00 00 00
1768349240.919060 can0 00000000 [0] 
1768349240.927262 can0 00000000 [8] 0F 00 A0 86 01 00 00 00
1768349240.929379 can0 00000000 [0] 
1768349240.937484 can0 00000000 [8] 0F 00 A0 86 01 00 00 00
1768349240.939655 can0 00000000 [0] 
1768349240.947693 can0 00000000 [8] 0F 00 A0 86 01 00 00 00
1768349240.949792 can0 00000000 [0] 
1768349240.957941 can0 00000000 [8] 0F 00 A0 86 01 00 00 00
1768349240.960027 can0 00000000 [0] 
1768349240.968156 can0 00000000 [8] 0F 00 A0 86 01 00 00 00
1768349240.970279 can0 00000000 [0] 
1768349240.978401 can0 00000000 [8] 0F 00 A0 86 01 00 00 00
1768349240.980499 can0 00000000 [0] 
1768349240.988643 can0 00000000 [8] 0F 00 A0 86 01 00 00 00
1768349240.990732 can0 00000000 [0] 
1768349240.998951 can0 00000000 [8] 0F 00 A0 86 01 00 00 00
1768349241.001041 can0 00000000 [0] 
1768349241.009165 can0 00000000 [8] 0F 00 A0 86 01 00 00 00
1768349241.011293 can0 00000000 [0] 
1768349241.019412 can0 00000000 [8] 0F 00 A0 86 01 00 00 00
1768349241.021507 can0 00000000 [0] 
1768349241.029656 can0 00000000 [8] 0F 00 A0 86 01 00 00 00
1768349241.031755 can0 00000000 [0] 
1768349241.039875 can0 00000000 [8] 0F 00 A0 86 01 00 00 00
1768349241.041970 can0 00000000 [0] 
1768349241.050104 can0 00000000 [8] 0F 00 A0 86 01 00 00 00
1768349241.052222 can0 00000000 [0] 
1768349241.060368 can0 00000000 [8] 0F 00 A0 86 01 00 00 00
1768349241.062464 can0 00000000 [0] 
1768349241.070660 can0 00000000 [8] 0F 00 A0 86 01 00 00 00
1768349241.072689 can0 00000000 [0] 
1768349241.080820 can0 00000000 [8] 0F 00 A0 86 01 00 00 00
1768349241.082920 can0 00000000 [0] 
1768349241.091044 can0 00000000 [8] 0F 00 A0 86 01 00 00 00
1768349241.093148 can0 00000000 [0] 
1768349241.101284 can0 00000000 [8] 0F 00 A0 86 01 00 00 00
1768349241.103374 can0 00000000 [0] 
1768349241.111482 can0 00000000 [8] 0F 00 A0 86 01 00 00 00
1768349241.113653 can0 00000000 [0] 
1768349241.121701 can0 00000000 [8] 0F 00 A0 86 01 00 00 00
1768349241.123815 can0 00000000 [0] 
1768349241.131952 can0 00000000 [8] 0F 00 A0 86 01 00 00 00
1768349241.134074 can0 00000000 [0] 
1768349241.142228 can0 00000000 [8] 0F 00 A0 86 01 00 00 00
1768349241.144361 can0 00000000 [0] 
1768349241.152502 can0 00000000 [8] 0F 00 A0 86 01 00 00 00
1768349241.154658 can0 00000000 [0] 
1768349241.162713 can0 00000000 [8] 0F 00 A0 86 01 00 00 00
1768349241.164808 can0 00000000 [0] 
1768349241.172957 can0 00000000 [8] 0F 00 A0 86 01 00 00 00
1768349241.175044 can0 00000000 [0] 
1768349241.183166 can0 00000000 [8] 0F 00 A0 86 01 00 00 00
1768349241.185269 can0 00000000 [0] 
1768349241.193413 can0 00000000 [8] 0F 00 A0 86 01 00 00 00
1768349241.195513 can0 00000000 [0] 
1768349241.203661 can0 00000000 [8] 0F 00 A0 86 01 00 00 00
1768349241.205704 can0 00000000 [0] 
1768349241.213838 can0 00000000 [8] 0F 00 A0 86 01 00 00 00
1768349241.215972 can0 00000000 [0] 
1768349241.224277 can0 00000000 [8] 0F 00 A0 86 01 00 00 00
1768349241.226457 can0 00000000 [0] 
1768349241.234714 can0 00000000 [8] 0F 00 A0 86 01 00 00 00
1768349241.236870 can0 00000000 [0] 
1768349241.245078 can0 00000000 [8] 0F 00 A0 86 01 00 00 00
1768349241.247276 can0 00000000 [0] 
1768349241.255452 can0 00000000 [8] 0F 00 A0 86 01 00 00 00
1768349241.257665 can0 00000000 [0] 
1768349241.265798 can0 00000000 [8] 0F 00 A0 86 01 00 00 00
1768349241.267937 can0 00000000 [0] 
1768349241.276093 can0 00000000 [8] 0F 00 A0 86 01 00 00 00
1768349241.278203 can0 00000000 [0] 
1768349241.286351 can0 00000000 [8] 0F 00 A0 86 01 00 00 00
1768349241.288455 can0 00000000 [0] 
1768349241.296664 can0 00000000 [8] 0F 00 A0 86 01 00 00 00
1768349241.298694 can0 00000000 [0] 
1768349241.306833 can0 00000000 [8] 0F 00 A0 86 01 00 00 00
1768349241.308922 can0 00000000 [0] 
1768349241.317070 can0 00000000 [8] 0F 00 A0 86 01 00 00 00
1768349241.319165 can0 00000000 [0] 
1768349241.327274 can0 00000000 [8] 0F 00 A0 86 01 00 00 00
1768349241.329353 can0 00000000 [0] 
1768349241.337484 can0 00000000 [8] 0F 00 A0 86 01 00 00 00
1768349241.339661 can0 00000000 [0] 
1768349241.347693 can0 00000000 [8] 0F 00 A0 86 01 00 00 00
1768349241.349788 can0 00000000 [0] 
1768349241.357924 can0 00000000 [8] 0F 00 A0 86 01 00 00 00
1768349241.360048 can0 00000000 [0] 
1768349241.368170 can0 00000000 [8] 0F 00 A0 86 01 00 00 00
1768349241.370307 can0 00000000 [0] 
1768349241.378444 can0 00000000 [8] 0F 00 A0 86 01 00 00 00
1768349241.380558 can0 00000000 [0] 
1768349241.388694 can0 00000000 [8] 0F 00 A0 86 01 00 00 00
1768349241.390777 can0 00000000 [0] 
1768349241.398914 can0 00000000 [8] 0F 00 A0 86 01 00 00 00
1768349241.401013 can0 00000000 [0] 
1768349241.409148 can0 00000000 [8] 0F 00 A0 86 01 00 00 00
1768349241.411204 can0 00000000 [0] 
1768349241.419340 can0 00000000 [8] 0F 00 A0 86 01 00 00 00
1768349241.421442 can0 00000000 [0] 
1768349241.429564 can0 00000000 [8] 0F 00 A0 86 01 00 00 00
1768349241.431660 can0 00000000 [0] 
1768349241.439786 can0 00000000 [8] 0F 00 A0 86 01 00 00 00
1768349241.441887 can0 00000000 [0] 
1768349241.449994 can0 00000000 [8] 0F 00 A0 86 01 00 00 00
1768349241.452101 can0 00000000 [0] 
1768349241.460243 can0 00000000 [8] 0F 00 A0 86 01 00 00 00
1768349241.462358 can0 00000000 [0] 
1768349241.470495 can0 00000000 [8] 0F 00 A0 86 01 00 00 00
1768349241.472666 can0 00000000 [0] 
1768349241.480730 can0 00000000 [8] 0F 00 A0 86 01 00 00 00
1768349241.482827 can0 00000000 [0] 
1768349241.490957 can0 00000000 [8] 0F 00 A0 86 01 00 00 00
1768349241.493056 can0 00000000 [0] 
1768349241.501196 can0 00000000 [8] 0F 00 A0 86 01 00 00 00
1768349241.503309 can0 00000000 [0] 
1768349241.511429 can0 00000000 [8] 0F 00 A0 86 01 00 00 00
1768349241.513545 can0 00000000 [0] 
1768349241.521658 can0 00000000 [8] 0F 00 A0 86 01 00 00 00
1768349241.523743 can0 00000000 [0] 
1768349241.531894 can0 00000000 [8] 0F 00 A0 86 01 00 00 00
1768349241.534003 can0 00000000 [0] 
1768349241.542117 can0 00000000 [8] 0F 00 A0 86 01 00 00 00
1768349241.544225 can0 00000000 [0] 
1768349241.552376 can0 00000000 [8] 0F 00 A0 86 01 00 00 00
1768349241.554477 can0 00000000 [0] 
1768349241.562674 can0 00000000 [8] 0F 00 A0 86 01 00 00 00
1768349241.564754 can0 00000000 [0] 
1768349241.572921 can0 00000000 [8] 0F 00 A0 86 01 00 00 00
1768349241.575030 can0 00000000 [0] 
1768349241.583167 can0 00000000 [8] 0F 00 A0 86 01 00 00 00
1768349241.585276 can0 00000000 [0] 
1768349241.593395 can0 00000000 [8] 0F 00 A0 86 01 00 00 00
1768349241.595509 can0 00000000 [0] 
1768349241.603662 can0 00000000 [8] 0F 00 A0 86 01 00 00 00
1768349241.605733 can0 00000000 [0] 
1768349241.613881 can0 00000000 [8] 0F 00 A0 86 01 00 00 00
1768349241.615981 can0 00000000 [0] 
1768349241.624114 can0 00000000 [8] 0F 00 A0 86 01 00 00 00
1768349241.626242 can0 00000000 [0] 
1768349241.634368 can0 00000000 [8] 0F 00 A0 86 01 00 00 00
1768349241.636467 can0 00000000 [0] 
1768349241.644671 can0 00000000 [8] 0F 00 A0 86 01 00 00 00
1768349241.646702 can0 00000000 [0] 
1768349241.654837 can0 00000000 [8] 0F 00 A0 86 01 00 00 00
1768349241.656927 can0 00000000 [0] 
1768349241.665050 can0 00000000 [8] 0F 00 A0 86 01 00 00 00
1768349241.667143 can0 00000000 [0] 
1768349241.675235 can0 00000000 [8] 0F 00 A0 86 01 00 00 00
1768349241.677342 can0 00000000 [0] 
1768349241.685515 can0 00000000 [8] 0F 00 A0 86 01 00 00 00
1768349241.687670 can0 00000000 [0] 
1768349241.695755 can0 00000000 [8] 0F 00 A0 86 01 00 00 00
1768349241.697851 can0 00000000 [0] 
1768349241.705988 can0 00000000 [8] 0F 00 A0 86 01 00 00 00
1768349241.708093 can0 00000000 [0] 
1768349241.716210 can0 00000000 [8] 0F 00 A0 86 01 00 00 00
1768349241.718293 can0 00000000 [0] 
1768349241.726438 can0 00000000 [8] 0F 00 A0 86 01 00 00 00
1768349241.728534 can0 00000000 [0] 
1768349241.736670 can0 00000000 [8] 0F 00 A0 86 01 00 00 00
1768349241.738720 can0 00000000 [0] 
1768349241.746847 can0 00000000 [8] 0F 00 A0 86 01 00 00 00
1768349241.748945 can0 00000000 [0] 
1768349241.757052 can0 00000000 [8] 0F 00 A0 86 01 00 00 00
1768349241.759165 can0 00000000 [0] 
1768349241.767322 can0 00000000 [8] 0F 00 A0 86 01 00 00 00
1768349241.769423 can0 00000000 [0] 
1768349241.777558 can0 00000000 [8] 0F 00 A0 86 01 00 00 00
1768349241.779660 can0 00000000 [0] 
1768349241.787781 can0 00000000 [8] 0F 00 A0 86 01 00 00 00
1768349241.789908 can0 00000000 [0] 
1768349241.798033 can0 00000000 [8] 0F 00 A0 86 01 00 00 00
1768349241.800121 can0 00000000 [0] 
1768349241.808270 can0 00000000 [8] 0F 00 A0 86 01 00 00 00
1768349241.810370 can0 00000000 [0] 
1768349241.818491 can0 00000000 [8] 0F 00 A0 86 01 00 00 00
1768349241.820667 can0 00000000 [0] 
1768349241.828712 can0 00000000 [8] 0F 00 A0 86 01 00 00 00
1768349241.830858 can0 00000000 [0] 
1768349241.838974 can0 00000000 [8] 0F 00 A0 86 01 00 00 00
1768349241.841063 can0 00000000 [0] 
1768349241.849203 can0 00000000 [8] 0F 00 A0 86 01 00 00 00
1768349241.851300 can0 00000000 [0] 
1768349241.859422 can0 00000000 [8] 0F 00 A0 86 01 00 00 00
1768349241.861513 can0 00000000 [0] 
1768349241.869668 can0 00000000 [8] 0F 00 A0 86 01 00 00 00
1768349241.871756 can0 00000000 [0] 
1768349241.879931 can0 00000000 [8] 0F 00 A0 86 01 00 00 00
1768349241.882042 can0 00000000 [0] 
1768349241.890182 can0 00000000 [8] 0F 00 A0 86 01 00 00 00
1768349241.892292 can0 00000000 [0] 
1768349241.900406 can0 00000000 [8] 0F 00 A0 86 01 00 00 00
1768349241.902523 can0 00000000 [0] 
1768349241.910666 can0 00000000 [8] 0F 00 A0 86 01 00 00 00
1768349241.912727 can0 00000000 [0] 
1768349241.920874 can0 00000000 [8] 0F 00 A0 86 01 00 00 00
1768349241.922973 can0 00000000 [0] 
1768349241.931112 can0 00000000 [8] 0F 00 A0 86 01 00 00 00
1768349241.933235 can0 00000000 [0] 
1768349241.941381 can0 00000000 [8] 0F 00 A0 86 01 00 00 00
1768349241.943478 can0 00000000 [0] 
1768349241.951677 can0 00000000 [8] 0F 00 A0 86 01 00 00 00
1768349241.953671 can0 00000000 [0] 
1768349241.961821 can0 00000000 [8] 0F 00 A0 86 01 00 00 00
1768349241.963916 can0 00000000 [0] 
1768349241.972030 can0 00000000 [8] 0F 00 A0 86 01 00 00 00
1768349241.974117 can0 00000000 [0] 
1768349241.982262 can0 00000000 [8] 0F 00 A0 86 01 00 00 00
1768349241.984387 can0 00000000 [0] 
1768349241.992517 can0 00000000 [8] 0F 00 A0 86 01 00 00 00
1768349241.994667 can0 00000000 [0] 
1768349242.002766 can0 00000000 [8] 0F 00 A0 86 01 00 00 00
1768349242.004857 can0 00000000 [0] 
1768349242.013012 can0 00000000 [8] 0F 00 A0 86 01 00 00 00
1768349242.015105 can0 00000000 [0] 
1768349242.023242 can0 00000000 [8] 0F 00 A0 86 01 00 00 00
1768349242.025342 can0 00000000 [0] 
1768349242.033451 can0 00000000 [8] 0F 00 A0 86 01 00 00 00
1768349242.035554 can0 00000000 [0] 
1768349242.043687 can0 00000000 [8] 0F 00 A0 86 01 00 00 00
1768349242.045805 can0 00000000 [0] 
1768349242.053930 can0 00000000 [8] 0F 00 A0 86 01 00 00 00
1768349242.056058 can0 00000000 [0] 
1768349242.064237 can0 00000000 [8] 0F 00 A0 86 01 00 00 00
1768349242.066388 can0 00000000 [0] 
1768349242.074532 can0 00000000 [8] 0F 00 A0 86 01 00 00 00
1768349242.076669 can0 00000000 [0] 
1768349242.084765 can0 00000000 [8] 0F 00 A0 86 01 00 00 00
1768349242.086890 can0 00000000 [0] 
1768349242.095026 can0 00000000 [8] 0F 00 A0 86 01 00 00 00
1768349242.097147 can0 00000000 [0] 
1768349242.105245 can0 00000000 [8] 0F 00 A0 86 01 00 00 00
1768349242.107344 can0 00000000 [0] 
1768349242.115542 can0 00000000 [8] 0F 00 A0 86 01 00 00 00
1768349242.117676 can0 00000000 [0] 
1768349242.125743 can0 00000000 [8] 0F 00 A0 86 01 00 00 00
1768349242.127832 can0 00000000 [0] 
1768349242.135974 can0 00000000 [8] 0F 00 A0 86 01 00 00 00
1768349242.138097 can0 00000000 [0] 
1768349242.146203 can0 00000000 [8] 0F 00 A0 86 01 00 00 00
1768349242.148317 can0 00000000 [0] 
1768349242.156462 can0 00000000 [8] 0F 00 A0 86 01 00 00 00
1768349242.158564 can0 00000000 [0] 
1768349242.166705 can0 00000000 [8] 0F 00 A0 86 01 00 00 00
1768349242.168791 can0 00000000 [0] 
1768349242.176919 can0 00000000 [8] 0F 00 A0 86 01 00 00 00
1768349242.179028 can0 00000000 [0] 
1768349242.187137 can0 00000000 [8] 0F 00 A0 86 01 00 00 00
1768349242.189232 can0 00000000 [0] 
1768349242.197371 can0 00000000 [8] 0F 00 A0 86 01 00 00 00
1768349242.199476 can0 00000000 [0] 
1768349242.207583 can0 00000000 [8] 0F 00 A0 86 01 00 00 00
1768349242.209694 can0 00000000 [0] 
1768349242.217821 can0 00000000 [8] 0F 00 A0 86 01 00 00 00
1768349242.219918 can0 00000000 [0] 
1768349242.228053 can0 00000000 [8] 0F 00 A0 86 01 00 00 00
1768349242.230152 can0 00000000 [0] 
1768349242.238238 can0 00000000 [8] 0F 00 A0 86 01 00 00 00
1768349242.240336 can0 00000000 [0] 
1768349242.248456 can0 00000000 [8] 0F 00 A0 86 01 00 00 00
1768349242.250549 can0 00000000 [0] 
1768349242.258681 can0 00000000 [8] 0F 00 A0 86 01 00 00 00
1768349242.260793 can0 00000000 [0] 
1768349242.268903 can0 00000000 [8] 0F 00 A0 86 01 00 00 00
1768349242.271011 can0 00000000 [0] 
1768349242.279126 can0 00000000 [8] 0F 00 A0 86 01 00 00 00
1768349242.281199 can0 00000000 [0] 
1768349242.289340 can0 00000000 [8] 0F 00 A0 86 01 00 00 00
1768349242.291446 can0 00000000 [0] 
1768349242.299573 can0 00000000 [8] 0F 00 A0 86 01 00 00 00
1768349242.301668 can0 00000000 [0] 
1768349242.309828 can0 00000000 [8] 0F 00 A0 86 01 00 00 00
1768349242.311922 can0 00000000 [0] 
1768349242.320048 can0 00000000 [8] 0F 00 A0 86 01 00 00 00
1768349242.322149 can0 00000000 [0] 
1768349242.330292 can0 00000000 [8] 0F 00 A0 86 01 00 00 00
1768349242.332411 can0 00000000 [0] 
1768349242.340536 can0 00000000 [8] 0F 00 A0 86 01 00 00 00
1768349242.342668 can0 00000000 [0] 
1768349242.350792 can0 00000000 [8] 0F 00 A0 86 01 00 00 00
1768349242.352908 can0 00000000 [0] 
1768349242.361036 can0 00000000 [8] 0F 00 A0 86 01 00 00 00
1768349242.363147 can0 00000000 [0] 
1768349242.371309 can0 00000000 [8] 0F 00 A0 86 01 00 00 00
1768349242.373454 can0 00000000 [0] 
1768349242.381686 can0 00000000 [8] 0F 00 A0 86 01 00 00 00
1768349242.383722 can0 00000000 [0] 
1768349242.391851 can0 00000000 [8] 0F 00 A0 86 01 00 00 00
1768349242.393986 can0 00000000 [0] 
1768349242.402127 can0 00000000 [8] 0F 00 A0 86 01 00 00 00
1768349242.404226 can0 00000000 [0] 
1768349242.412358 can0 00000000 [8] 0F 00 A0 86 01 00 00 00
1768349242.414478 can0 00000000 [0] 
1768349242.422685 can0 00000000 [8] 0F 00 A0 86 01 00 00 00
1768349242.424722 can0 00000000 [0] 
1768349242.432863 can0 00000000 [8] 0F 00 A0 86 01 00 00 00
1768349242.434950 can0 00000000 [0] 
1768349242.443088 can0 00000000 [8] 0F 00 A0 86 01 00 00 00
1768349242.445211 can0 00000000 [0] 
1768349242.453337 can0 00000000 [8] 0F 00 A0 86 01 00 00 00
1768349242.455428 can0 00000000 [0] 
1768349242.463572 can0 00000000 [8] 0F 00 A0 86 01 00 00 00
1768349242.465698 can0 00000000 [0] 
1768349242.473784 can0 00000000 [8] 0F 00 A0 86 01 00 00 00
1768349242.475881 can0 00000000 [0] 
1768349242.484056 can0 00000000 [8] 0F 00 A0 86 01 00 00 00
1768349242.486168 can0 00000000 [0] 
1768349242.494246 can0 00000000 [8] 0F 00 A0 86 01 00 00 00
1768349242.496332 can0 00000000 [0] 
1768349242.504472 can0 00000000 [8] 0F 00 A0 86 01 00 00 00
1768349242.506541 can0 00000000 [0] 
1768349242.514701 can0 00000000 [8] 0F 00 A0 86 01 00 00 00
1768349242.516763 can0 00000000 [0] 
1768349242.524893 can0 00000000 [8] 0F 00 A0 86 01 00 00 00
1768349242.527003 can0 00000000 [0] 
1768349242.535120 can0 00000000 [8] 0F 00 A0 86 01 00 00 00
1768349242.537215 can0 00000000 [0] 
1768349242.545333 can0 00000000 [8] 0F 00 A0 86 01 00 00 00
1768349242.547436 can0 00000000 [0] 
1768349242.555563 can0 00000000 [8] 0F 00 A0 86 01 00 00 00
1768349242.557683 can0 00000000 [0] 
1768349242.565766 can0 00000000 [8] 0F 00 A0 86 01 00 00 00
1768349242.567893 can0 00000000 [0] 
1768349242.576007 can0 00000000 [8] 0F 00 A0 86 01 00 00 00
1768349242.578128 can0 00000000 [0] 
1768349242.586312 can0 00000000 [8] 0F 00 A0 86 01 00 00 00
1768349242.588409 can0 00000000 [0] 
1768349242.596567 can0 00000000 [8] 0F 00 A0 86 01 00 00 00
1768349242.598681 can0 00000000 [0] 
1768349242.606802 can0 00000000 [8] 0F 00 A0 86 01 00 00 00
1768349242.608897 can0 00000000 [0] 
1768349242.617050 can0 00000000 [8] 0F 00 A0 86 01 00 00 00
1768349242.619160 can0 00000000 [0] 
1768349242.627314 can0 00000000 [8] 0F 00 A0 86 01 00 00 00
1768349242.629416 can0 00000000 [0] 
1768349242.637562 can0 00000000 [8] 0F 00 A0 86 01 00 00 00
1768349242.639675 can0 00000000 [0] 
1768349242.647791 can0 00000000 [8] 0F 00 A0 86 01 00 00 00
1768349242.649907 can0 00000000 [0] 
1768349242.658108 can0 00000000 [8] 0F 00 A0 86 01 00 00 00
1768349242.660196 can0 00000000 [0] 
1768349242.668350 can0 00000000 [8] 0F 00 A0 86 01 00 00 00
1768349242.670446 can0 00000000 [0] 
1768349242.678589 can0 00000000 [8] 0F 00 A0 86 01 00 00 00
1768349242.680694 can0 00000000 [0] 
1768349242.688779 can0 00000000 [8] 0F 00 A0 86 01 00 00 00
1768349242.690861 can0 00000000 [0] 
1768349242.698995 can0 00000000 [8] 0F 00 A0 86 01 00 00 00
1768349242.701085 can0 00000000 [0] 
1768349242.709176 can0 00000000 [8] 0F 00 A0 86 01 00 00 00
1768349242.711266 can0 00000000 [0] 
1768349242.719394 can0 00000000 [8] 0F 00 A0 86 01 00 00 00
1768349242.721498 can0 00000000 [0] 
1768349242.729687 can0 00000000 [8] 0F 00 A0 86 01 00 00 00
1768349242.731689 can0 00000000 [0] 
1768349242.739828 can0 00000000 [8] 0F 00 A0 86 01 00 00 00
1768349242.741964 can0 00000000 [0] 
1768349242.750097 can0 00000000 [8] 0F 00 A0 86 01 00 00 00
1768349242.752263 can0 00000000 [0] 
1768349242.760434 can0 00000000 [8] 0F 00 A0 86 01 00 00 00
1768349242.762681 can0 00000000 [0] 
1768349242.770770 can0 00000000 [8] 0F 00 A0 86 01 00 00 00
1768349242.772923 can0 00000000 [0] 
1768349242.781111 can0 00000000 [8] 0F 00 A0 86 01 00 00 00
1768349242.783217 can0 00000000 [0] 
1768349242.791345 can0 00000000 [8] 0F 00 A0 86 01 00 00 00
1768349242.793462 can0 00000000 [0] 
1768349242.801581 can0 00000000 [8] 0F 00 A0 86 01 00 00 00
1768349242.803678 can0 00000000 [0] 
1768349242.811810 can0 00000000 [8] 0F 00 A0 86 01 00 00 00
1768349242.813919 can0 00000000 [0] 
1768349242.822043 can0 00000000 [8] 0F 00 A0 86 01 00 00 00
1768349242.824139 can0 00000000 [0] 
1768349242.832232 can0 00000000 [8] 0F 00 A0 86 01 00 00 00
1768349242.834315 can0 00000000 [0] 
1768349242.842425 can0 00000000 [8] 0F 00 A0 86 01 00 00 00
1768349242.844541 can0 00000000 [0] 
1768349242.852709 can0 00000000 [8] 0F 00 A0 86 01 00 00 00
1768349242.854786 can0 00000000 [0] 
1768349242.862910 can0 00000000 [8] 0F 00 A0 86 01 00 00 00
1768349242.865018 can0 00000000 [0] 
1768349242.873138 can0 00000000 [8] 0F 00 A0 86 01 00 00 00
1768349242.875237 can0 00000000 [0] 
1768349242.883371 can0 00000000 [8] 0F 00 A0 86 01 00 00 00
1768349242.885484 can0 00000000 [0] 
1768349242.893595 can0 00000000 [8] 0F 00 A0 86 01 00 00 00
1768349242.895696 can0 00000000 [0] 
1768349242.903807 can0 00000000 [8] 0F 00 A0 86 01 00 00 00
1768349242.905909 can0 00000000 [0] 
1768349242.914040 can0 00000000 [8] 0F 00 A0 86 01 00 00 00
1768349242.916145 can0 00000000 [0] 
1768349242.924271 can0 00000000 [8] 0F 00 A0 86 01 00 00 00
1768349242.926380 can0 00000000 [0] 
1768349242.934495 can0 00000000 [8] 0F 00 A0 86 01 00 00 00
1768349242.936690 can0 00000000 [0] 
1768349242.944721 can0 00000000 [8] 0F 00 A0 86 01 00 00 00
1768349242.946830 can0 00000000 [0] 
1768349242.954952 can0 00000000 [8] 0F 00 A0 86 01 00 00 00
1768349242.957062 can0 00000000 [0] 
1768349242.965218 can0 00000000 [8] 0F 00 A0 86 01 00 00 00
1768349242.967318 can0 00000000 [0] 
1768349242.975459 can0 00000000 [8] 0F 00 A0 86 01 00 00 00
1768349242.977561 can0 00000000 [0] 
1768349242.985711 can0 00000000 [8] 0F 00 A0 86 01 00 00 00
1768349242.987815 can0 00000000 [0] 
1768349242.995950 can0 00000000 [8] 0F 00 A0 86 01 00 00 00
1768349242.998052 can0 00000000 [0] 
1768349243.006209 can0 00000000 [8] 0F 00 A0 86 01 00 00 00
1768349243.008311 can0 00000000 [0] 
1768349243.016439 can0 00000000 [8] 0F 00 A0 86 01 00 00 00
1768349243.018529 can0 00000000 [0] 
1768349243.026694 can0 00000000 [8] 0F 00 A0 86 01 00 00 00
1768349243.028749 can0 00000000 [0] 
1768349243.036887 can0 00000000 [8] 0F 00 A0 86 01 00 00 00
1768349243.038972 can0 00000000 [0] 
1768349243.047101 can0 00000000 [8] 0F 00 A0 86 01 00 00 00
1768349243.049227 can0 00000000 [0] 
1768349243.057350 can0 00000000 [8] 0F 00 A0 86 01 00 00 00
1768349243.059459 can0 00000000 [0] 
1768349243.067575 can0 00000000 [8] 0F 00 A0 86 01 00 00 00
1768349243.069677 can0 00000000 [0] 
1768349243.077806 can0 00000000 [8] 0F 00 A0 86 01 00 00 00
1768349243.079898 can0 00000000 [0] 
1768349243.088045 can0 00000000 [8] 0F 00 A0 86 01 00 00 00
1768349243.090155 can0 00000000 [0] 
1768349243.098282 can0 00000000 [8] 0F 00 A0 86 01 00 00 00
1768349243.100368 can0 00000000 [0] 
1768349243.108516 can0 00000000 [8] 0F 00 A0 86 01 00 00 00
1768349243.110615 can0 00000000 [0] 
1768349243.118741 can0 00000000 [8] 0F 00 A0 86 01 00 00 00
1768349243.120822 can0 00000000 [0] 
1768349243.129058 can0 00000000 [8] 0F 00 A0 86 01 00 00 00
1768349243.131364 can0 00000000 [0] 
1768349243.139545 can0 00000000 [8] 0F 00 A0 86 01 00 00 00
1768349243.141726 can0 00000000 [0] 
1768349243.150020 can0 00000000 [8] 0F 00 A0 86 01 00 00 00
1768349243.152167 can0 00000000 [0] 
1768349243.160384 can0 00000000 [8] 0F 00 A0 86 01 00 00 00
1768349243.162526 can0 00000000 [0] 
1768349243.170715 can0 00000000 [8] 0F 00 A0 86 01 00 00 00
1768349243.172825 can0 00000000 [0] 
1768349243.181027 can0 00000000 [8] 0F 00 A0 86 01 00 00 00
1768349243.183163 can0 00000000 [0] 
1768349243.191348 can0 00000000 [8] 0F 00 A0 86 01 00 00 00
1768349243.193473 can0 00000000 [0] 
1768349243.201596 can0 00000000 [8] 0F 00 A0 86 01 00 00 00
1768349243.203685 can0 00000000 [0] 
1768349243.211820 can0 00000000 [8] 0F 00 A0 86 01 00 00 00
1768349243.213934 can0 00000000 [0] 
1768349243.222053 can0 00000000 [8] 0F 00 A0 86 01 00 00 00
1768349243.224145 can0 00000000 [0] 
1768349243.232285 can0 00000000 [8] 0F 00 A0 86 01 00 00 00
1768349243.234400 can0 00000000 [0] 
1768349243.242535 can0 00000000 [8] 0F 00 A0 86 01 00 00 00
1768349243.244694 can0 00000000 [0] 
1768349243.252776 can0 00000000 [8] 0F 00 A0 86 01 00 00 00
1768349243.254874 can0 00000000 [0] 
1768349243.263004 can0 00000000 [8] 0F 00 A0 86 01 00 00 00
1768349243.265110 can0 00000000 [0] 
1768349243.273252 can0 00000000 [8] 0F 00 A0 86 01 00 00 00
1768349243.275363 can0 00000000 [0] 
1768349243.283490 can0 00000000 [8] 0F 00 A0 86 01 00 00 00
1768349243.285588 can0 00000000 [0] 
1768349243.293709 can0 00000000 [8] 0F 00 A0 86 01 00 00 00
1768349243.295802 can0 00000000 [0] 
1768349243.303925 can0 00000000 [8] 0F 00 A0 86 01 00 00 00
1768349243.306046 can0 00000000 [0] 
1768349243.314188 can0 00000000 [8] 0F 00 A0 86 01 00 00 00
1768349243.316284 can0 00000000 [0] 
1768349243.324394 can0 00000000 [8] 0F 00 A0 86 01 00 00 00
1768349243.326510 can0 00000000 [0] 
1768349243.334701 can0 00000000 [8] 0F 00 A0 86 01 00 00 00
1768349243.336725 can0 00000000 [0] 
1768349243.344860 can0 00000000 [8] 0F 00 A0 86 01 00 00 00
1768349243.346959 can0 00000000 [0] 
1768349243.355086 can0 00000000 [8] 0F 00 A0 86 01 00 00 00
1768349243.357183 can0 00000000 [0] 
1768349243.365297 can0 00000000 [8] 0F 00 A0 86 01 00 00 00
1768349243.367403 can0 00000000 [0] 
1768349243.375514 can0 00000000 [8] 0F 00 A0 86 01 00 00 00
1768349243.377601 can0 00000000 [0] 
1768349243.385783 can0 00000000 [8] 0F 00 A0 86 01 00 00 00
1768349243.387873 can0 00000000 [0] 
1768349243.395998 can0 00000000 [8] 0F 00 A0 86 01 00 00 00
1768349243.398092 can0 00000000 [0] 
1768349243.406253 can0 00000000 [8] 0F 00 A0 86 01 00 00 00
1768349243.408369 can0 00000000 [0] 
1768349243.416478 can0 00000000 [8] 0F 00 A0 86 01 00 00 00
1768349243.418572 can0 00000000 [0] 
1768349243.426705 can0 00000000 [8] 0F 00 A0 86 01 00 00 00
1768349243.428813 can0 00000000 [0] 
1768349243.436931 can0 00000000 [8] 0F 00 A0 86 01 00 00 00
1768349243.439017 can0 00000000 [0] 
1768349243.447151 can0 00000000 [8] 0F 00 A0 86 01 00 00 00
1768349243.449214 can0 00000000 [0] 
1768349243.457341 can0 00000000 [8] 0F 00 A0 86 01 00 00 00
1768349243.459459 can0 00000000 [0] 
1768349243.467599 can0 00000000 [8] 0F 00 A0 86 01 00 00 00
1768349243.469703 can0 00000000 [0] 
1768349243.477852 can0 00000000 [8] 0F 00 A0 86 01 00 00 00
1768349243.479927 can0 00000000 [0] 
1768349243.488083 can0 00000000 [8] 0F 00 A0 86 01 00 00 00
1768349243.490183 can0 00000000 [0] 
1768349243.498366 can0 00000000 [8] 0F 00 A0 86 01 00 00 00
1768349243.500460 can0 00000000 [0] 
1768349243.508589 can0 00000000 [8] 0F 00 A0 86 01 00 00 00
1768349243.510685 can0 00000000 [0] 
1768349243.518812 can0 00000000 [8] 0F 00 A0 86 01 00 00 00
1768349243.520909 can0 00000000 [0] 
1768349243.529034 can0 00000000 [8] 0F 00 A0 86 01 00 00 00
1768349243.531167 can0 00000000 [0] 
1768349243.539253 can0 00000000 [8] 0F 00 A0 86 01 00 00 00
1768349243.541351 can0 00000000 [0] 
1768349243.549480 can0 00000000 [8] 0F 00 A0 86 01 00 00 00
1768349243.551569 can0 00000000 [0] 
1768349243.559711 can0 00000000 [8] 0F 00 A0 86 01 00 00 00
1768349243.561805 can0 00000000 [0] 
1768349243.569911 can0 00000000 [8] 0F 00 A0 86 01 00 00 00
1768349243.572000 can0 00000000 [0] 
1768349243.580119 can0 00000000 [8] 0F 00 A0 86 01 00 00 00
1768349243.582262 can0 00000000 [0] 
1768349243.590397 can0 00000000 [8] 0F 00 A0 86 01 00 00 00
1768349243.592491 can0 00000000 [0] 
1768349243.600706 can0 00000000 [8] 0F 00 A0 86 01 00 00 00
1768349243.602732 can0 00000000 [0] 
1768349243.610865 can0 00000000 [8] 0F 00 A0 86 01 00 00 00
1768349243.612970 can0 00000000 [0] 
1768349243.621108 can0 00000000 [8] 0F 00 A0 86 01 00 00 00
1768349243.623220 can0 00000000 [0] 
1768349243.631346 can0 00000000 [8] 0F 00 A0 86 01 00 00 00
1768349243.633466 can0 00000000 [0] 
1768349243.641611 can0 00000000 [8] 0F 00 A0 86 01 00 00 00
1768349243.643706 can0 00000000 [0] 
1768349243.651863 can0 00000000 [8] 0F 00 A0 86 01 00 00 00
1768349243.653935 can0 00000000 [0] 
1768349243.662095 can0 00000000 [8] 0F 00 A0 86 01 00 00 00
1768349243.664249 can0 00000000 [0] 
1768349243.672384 can0 00000000 [8] 0F 00 A0 86 01 00 00 00
1768349243.674506 can0 00000000 [0] 
1768349243.682707 can0 00000000 [8] 0F 00 A0 86 01 00 00 00
1768349243.684756 can0 00000000 [0] 
1768349243.692897 can0 00000000 [8] 0F 00 A0 86 01 00 00 00
1768349243.695009 can0 00000000 [0] 
1768349243.703139 can0 00000000 [8] 0F 00 A0 86 01 00 00 00
1768349243.705216 can0 00000000 [0] 
1768349243.713331 can0 00000000 [8] 0F 00 A0 86 01 00 00 00
1768349243.715431 can0 00000000 [0] 
1768349243.723567 can0 00000000 [8] 0F 00 A0 86 01 00 00 00
1768349243.725685 can0 00000000 [0] 
1768349243.733823 can0 00000000 [8] 0F 00 A0 86 01 00 00 00
1768349243.735924 can0 00000000 [0] 
1768349243.744048 can0 00000000 [8] 0F 00 A0 86 01 00 00 00
1768349243.746130 can0 00000000 [0] 
1768349243.754256 can0 00000000 [8] 0F 00 A0 86 01 00 00 00
1768349243.756364 can0 00000000 [0] 
1768349243.764493 can0 00000000 [8] 0F 00 A0 86 01 00 00 00
1768349243.766584 can0 00000000 [0] 
1768349243.774720 can0 00000000 [8] 0F 00 A0 86 01 00 00 00
1768349243.776834 can0 00000000 [0] 
1768349243.784966 can0 00000000 [8] 0F 00 A0 86 01 00 00 00
1768349243.787058 can0 00000000 [0] 
1768349243.795249 can0 00000000 [8] 0F 00 A0 86 01 00 00 00
1768349243.797368 can0 00000000 [0] 
1768349243.805556 can0 00000000 [8] 0F 00 A0 86 01 00 00 00
1768349243.807707 can0 00000000 [0] 
1768349243.815801 can0 00000000 [8] 0F 00 A0 86 01 00 00 00
1768349243.817916 can0 00000000 [0] 
1768349243.826047 can0 00000000 [8] 0F 00 A0 86 01 00 00 00
1768349243.828135 can0 00000000 [0] 
1768349243.836243 can0 00000000 [8] 0F 00 A0 86 01 00 00 00
1768349243.838340 can0 00000000 [0] 
1768349243.846475 can0 00000000 [8] 0F 00 A0 86 01 00 00 00
1768349243.848570 can0 00000000 [0] 
1768349243.856714 can0 00000000 [8] 0F 00 A0 86 01 00 00 00
1768349243.858818 can0 00000000 [0] 
1768349243.866937 can0 00000000 [8] 0F 00 A0 86 01 00 00 00
1768349243.869026 can0 00000000 [0] 
1768349243.877152 can0 00000000 [8] 0F 00 A0 86 01 00 00 00
1768349243.879210 can0 00000000 [0] 
1768349243.887324 can0 00000000 [8] 0F 00 A0 86 01 00 00 00
1768349243.889430 can0 00000000 [0] 
1768349243.897564 can0 00000000 [8] 0F 00 A0 86 01 00 00 00
1768349243.899707 can0 00000000 [0] 
1768349243.907788 can0 00000000 [8] 0F 00 A0 86 01 00 00 00
1768349243.909899 can0 00000000 [0] 
1768349243.918031 can0 00000000 [8] 0F 00 A0 86 01 00 00 00
1768349243.920130 can0 00000000 [0] 
1768349243.928319 can0 00000000 [8] 0F 00 A0 86 01 00 00 00
1768349243.930435 can0 00000000 [0] 
1768349243.938592 can0 00000000 [8] 0F 00 A0 86 01 00 00 00
1768349243.940721 can0 00000000 [0] 
1768349243.948921 can0 00000000 [8] 0F 00 A0 86 01 00 00 00
1768349243.951109 can0 00000000 [0] 
1768349243.959270 can0 00000000 [8] 0F 00 A0 86 01 00 00 00
1768349243.961396 can0 00000000 [0] 
1768349243.969579 can0 00000000 [8] 0F 00 A0 86 01 00 00 00
1768349243.971699 can0 00000000 [0] 
1768349243.979872 can0 00000000 [8] 0F 00 A0 86 01 00 00 00
1768349243.981973 can0 00000000 [0] 
1768349243.990122 can0 00000000 [8] 0F 00 A0 86 01 00 00 00
1768349243.992251 can0 00000000 [0] 
1768349244.000400 can0 00000000 [8] 0F 00 A0 86 01 00 00 00
1768349244.002506 can0 00000000 [0] 
1768349244.010714 can0 00000000 [8] 0F 00 A0 86 01 00 00 00
1768349244.012749 can0 00000000 [0] 
1768349244.020869 can0 00000000 [8] 0F 00 A0 86 01 00 00 00
1768349244.022962 can0 00000000 [0] 
1768349244.031138 can0 00000000 [8] 0F 00 A0 86 01 00 00 00
1768349244.033279 can0 00000000 [0] 
1768349244.041440 can0 00000000 [8] 0F 00 A0 86 01 00 00 00
1768349244.043588 can0 00000000 [0] 
1768349244.051762 can0 00000000 [8] 0F 00 A0 86 01 00 00 00
1768349244.053925 can0 00000000 [0] 
1768349244.062108 can0 00000000 [8] 0F 00 A0 86 01 00 00 00
1768349244.064262 can0 00000000 [0] 
1768349244.072407 can0 00000000 [8] 0F 00 A0 86 01 00 00 00
1768349244.074506 can0 00000000 [0] 
1768349244.082710 can0 00000000 [8] 0F 00 A0 86 01 00 00 00
1768349244.084714 can0 00000000 [0] 
1768349244.092859 can0 00000000 [8] 0F 00 A0 86 01 00 00 00
1768349244.094975 can0 00000000 [0] 
1768349244.103111 can0 00000000 [8] 0F 00 A0 86 01 00 00 00
1768349244.105202 can0 00000000 [0] 
1768349244.113335 can0 00000000 [8] 0F 00 A0 86 01 00 00 00
1768349244.115437 can0 00000000 [0] 
1768349244.123590 can0 00000000 [8] 0F 00 A0 86 01 00 00 00
1768349244.125704 can0 00000000 [0] 
1768349244.133861 can0 00000000 [8] 0F 00 A0 86 01 00 00 00
1768349244.136012 can0 00000000 [0] 
1768349244.144178 can0 00000000 [8] 0F 00 A0 86 01 00 00 00
1768349244.146271 can0 00000000 [0] 
1768349244.154433 can0 00000000 [8] 0F 00 A0 86 01 00 00 00
1768349244.156590 can0 00000000 [0] 
1768349244.160604 can0 00000000 [8] 0F 00 A0 86 01 00 00 00
1768349244.162697 can0 00000000 [0] 
1768349244.170820 can0 00000000 [8] 0F 00 A0 86 01 00 00 00
1768349244.172921 can0 00000000 [0] 
1768349244.181057 can0 00000000 [8] 0F 00 A0 86 01 00 00 00
1768349244.183160 can0 00000000 [0] 
1768349244.191246 can0 00000000 [8] 0F 00 A0 86 01 00 00 00
1768349244.193347 can0 00000000 [0] 
1768349244.201474 can0 00000000 [8] 0F 00 A0 86 01 00 00 00
1768349244.203568 can0 00000000 [0] 
1768349244.211701 can0 00000000 [8] 0F 00 90 5F 01 00 00 00
1768349244.213805 can0 00000000 [0] 
1768349244.221937 can0 00000000 [8] 0F 00 90 5F 01 00 00 00
1768349244.224035 can0 00000000 [0] 
1768349244.232163 can0 00000000 [8] 0F 00 90 5F 01 00 00 00
1768349244.234284 can0 00000000 [0] 
1768349244.242421 can0 00000000 [8] 0F 00 90 5F 01 00 00 00
1768349244.244519 can0 00000000 [0] 
1768349244.252719 can0 00000000 [8] 0F 00 90 5F 01 00 00 00
1768349244.254748 can0 00000000 [0] 
1768349244.262904 can0 00000000 [8] 0F 00 80 38 01 00 00 00
1768349244.264991 can0 00000000 [0] 
1768349244.273121 can0 00000000 [8] 0F 00 80 38 01 00 00 00
1768349244.275205 can0 00000000 [0] 
1768349244.283313 can0 00000000 [8] 0F 00 80 38 01 00 00 00
1768349244.285403 can0 00000000 [0] 
1768349244.293489 can0 00000000 [8] 0F 00 80 38 01 00 00 00
1768349244.295604 can0 00000000 [0] 
1768349244.303723 can0 00000000 [8] 0F 00 80 38 01 00 00 00
1768349244.305846 can0 00000000 [0] 
1768349244.313995 can0 00000000 [8] 0F 00 70 11 01 00 00 00
1768349244.316103 can0 00000000 [0] 
1768349244.324210 can0 00000000 [8] 0F 00 70 11 01 00 00 00
1768349244.326325 can0 00000000 [0] 
1768349244.334484 can0 00000000 [8] 0F 00 70 11 01 00 00 00
1768349244.336569 can0 00000000 [0] 
1768349244.344738 can0 00000000 [8] 0F 00 70 11 01 00 00 00
1768349244.346802 can0 00000000 [0] 
1768349244.354938 can0 00000000 [8] 0F 00 70 11 01 00 00 00
1768349244.357021 can0 00000000 [0] 
1768349244.365153 can0 00000000 [8] 0F 00 60 EA 00 00 00 00
1768349244.367252 can0 00000000 [0] 
1768349244.375386 can0 00000000 [8] 0F 00 60 EA 00 00 00 00
1768349244.377484 can0 00000000 [0] 
1768349244.385601 can0 00000000 [8] 0F 00 60 EA 00 00 00 00
1768349244.387735 can0 00000000 [0] 
1768349244.395908 can0 00000000 [8] 0F 00 60 EA 00 00 00 00
1768349244.398015 can0 00000000 [0] 
1768349244.406161 can0 00000000 [8] 0F 00 60 EA 00 00 00 00
1768349244.408250 can0 00000000 [0] 
1768349244.416367 can0 00000000 [8] 0F 00 50 C3 00 00 00 00
1768349244.418485 can0 00000000 [0] 
1768349244.426615 can0 00000000 [8] 0F 00 50 C3 00 00 00 00
1768349244.428715 can0 00000000 [0] 
1768349244.436844 can0 00000000 [8] 0F 00 50 C3 00 00 00 00
1768349244.438939 can0 00000000 [0] 
1768349244.447081 can0 00000000 [8] 0F 00 50 C3 00 00 00 00
1768349244.449180 can0 00000000 [0] 
1768349244.457299 can0 00000000 [8] 0F 00 50 C3 00 00 00 00
1768349244.459506 can0 00000000 [0] 
1768349244.467725 can0 00000000 [8] 0F 00 40 9C 00 00 00 00
1768349244.469749 can0 00000000 [0] 
1768349244.477863 can0 00000000 [8] 0F 00 40 9C 00 00 00 00
1768349244.479966 can0 00000000 [0] 
1768349244.488101 can0 00000000 [8] 0F 00 40 9C 00 00 00 00
1768349244.490213 can0 00000000 [0] 
1768349244.498369 can0 00000000 [8] 0F 00 40 9C 00 00 00 00
1768349244.500480 can0 00000000 [0] 
1768349244.508620 can0 00000000 [8] 0F 00 40 9C 00 00 00 00
1768349244.510702 can0 00000000 [0] 
1768349244.518830 can0 00000000 [8] 0F 00 30 75 00 00 00 00
1768349244.520933 can0 00000000 [0] 
1768349244.529029 can0 00000000 [8] 0F 00 30 75 00 00 00 00
1768349244.531107 can0 00000000 [0] 
1768349244.539218 can0 00000000 [8] 0F 00 30 75 00 00 00 00
1768349244.541334 can0 00000000 [0] 
1768349244.549451 can0 00000000 [8] 0F 00 30 75 00 00 00 00
1768349244.551548 can0 00000000 [0] 
1768349244.559722 can0 00000000 [8] 0F 00 30 75 00 00 00 00
1768349244.561770 can0 00000000 [0] 
1768349244.569879 can0 00000000 [8] 0F 00 20 4E 00 00 00 00
1768349244.571967 can0 00000000 [0] 
1768349244.580109 can0 00000000 [8] 0F 00 20 4E 00 00 00 00
1768349244.582215 can0 00000000 [0] 
1768349244.590384 can0 00000000 [8] 0F 00 20 4E 00 00 00 00
1768349244.592499 can0 00000000 [0] 
1768349244.600719 can0 00000000 [8] 0F 00 20 4E 00 00 00 00
1768349244.602781 can0 00000000 [0] 
1768349244.610951 can0 00000000 [8] 0F 00 20 4E 00 00 00 00
1768349244.613099 can0 00000000 [0] 
1768349244.621251 can0 00000000 [8] 0F 00 10 27 00 00 00 00
1768349244.623341 can0 00000000 [0] 
1768349244.631463 can0 00000000 [8] 0F 00 10 27 00 00 00 00
1768349244.633555 can0 00000000 [0] 
1768349244.641721 can0 00000000 [8] 0F 00 10 27 00 00 00 00
1768349244.643793 can0 00000000 [0] 
1768349244.651933 can0 00000000 [8] 0F 00 10 27 00 00 00 00
1768349244.654025 can0 00000000 [0] 
1768349244.662170 can0 00000000 [8] 0F 00 10 27 00 00 00 00
1768349244.664269 can0 00000000 [0] 
1768349244.672376 can0 00000000 [8] 0F 00 00 00 00 00 00 00
1768349244.674485 can0 00000000 [0] 
1768349244.682610 can0 00000000 [8] 0F 00 00 00 00 00 00 00
1768349244.684728 can0 00000000 [0] 
1768349244.692865 can0 00000000 [8] 0F 00 00 00 00 00 00 00
1768349244.694957 can0 00000000 [0] 
1768349244.703059 can0 00000000 [8] 0F 00 00 00 00 00 00 00
1768349244.705188 can0 00000000 [0] 
1768349244.713326 can0 00000000 [8] 0F 00 00 00 00 00 00 00
1768349244.715441 can0 00000000 [0] 
1768349244.723566 can0 00000000 [8] 0F 00 00 00 00 00 00 00
1768349244.725728 can0 00000000 [0] 
1768349244.733804 can0 00000000 [8] 0F 00 00 00 00 00 00 00
1768349244.735905 can0 00000000 [0] 
1768349244.744039 can0 00000000 [8] 0F 00 00 00 00 00 00 00
1768349244.746127 can0 00000000 [0] 
1768349244.754260 can0 00000000 [8] 0F 00 00 00 00 00 00 00
1768349244.756371 can0 00000000 [0] 
1768349244.764500 can0 00000000 [8] 0F 00 00 00 00 00 00 00
1768349244.766604 can0 00000000 [0] 
1768349244.774753 can0 00000000 [8] 0F 00 00 00 00 00 00 00
1768349244.776837 can0 00000000 [0] 
1768349244.784977 can0 00000000 [8] 0F 00 00 00 00 00 00 00
1768349244.787082 can0 00000000 [0] 
1768349244.795235 can0 00000000 [8] 0F 00 00 00 00 00 00 00
1768349244.797327 can0 00000000 [0] 
1768349244.805456 can0 00000000 [8] 0F 00 00 00 00 00 00 00
1768349244.807553 can0 00000000 [0] 
1768349244.815789 can0 00000000 [8] 0F 00 00 00 00 00 00 00
1768349244.817946 can0 00000000 [0] 
1768349244.826079 can0 00000000 [8] 0F 00 00 00 00 00 00 00
1768349244.828177 can0 00000000 [0] 
1768349244.836317 can0 00000000 [8] 0F 00 00 00 00 00 00 00
1768349244.838433 can0 00000000 [0] 
1768349244.846546 can0 00000000 [8] 0F 00 00 00 00 00 00 00
1768349244.848719 can0 00000000 [0] 
1768349244.856762 can0 00000000 [8] 0F 00 00 00 00 00 00 00
1768349244.858851 can0 00000000 [0] 
1768349244.866964 can0 00000000 [8] 0F 00 00 00 00 00 00 00
1768349244.869064 can0 00000000 [0] 
1768349244.877194 can0 00000000 [8] 0F 00 00 00 00 00 00 00
1768349244.879319 can0 00000000 [0] 
1768349244.887459 can0 00000000 [8] 0F 00 00 00 00 00 00 00
1768349244.889553 can0 00000000 [0] 
1768349244.897723 can0 00000000 [8] 0F 00 00 00 00 00 00 00
1768349244.899791 can0 00000000 [0] 
1768349244.907890 can0 00000000 [8] 0F 00 00 00 00 00 00 00
1768349244.909981 can0 00000000 [0] 
1768349244.918109 can0 00000000 [8] 0F 00 00 00 00 00 00 00
1768349244.920201 can0 00000000 [0] 
1768349244.928334 can0 00000000 [8] 0F 00 00 00 00 00 00 00
1768349244.930432 can0 00000000 [0] 
1768349244.938510 can0 00000000 [8] 0F 00 00 00 00 00 00 00
1768349244.940585 can0 00000000 [0] 
1768349244.948727 can0 00000000 [8] 0F 00 00 00 00 00 00 00
1768349244.950778 can0 00000000 [0] 
1768349244.958899 can0 00000000 [8] 0F 00 00 00 00 00 00 00
1768349244.960978 can0 00000000 [0] 
1768349244.969101 can0 00000000 [8] 0F 00 00 00 00 00 00 00
1768349244.971204 can0 00000000 [0] 
1768349244.979338 can0 00000000 [8] 06 00 00 00 00 00 00 00
1768349244.981418 can0 00000000 [0] 
1768349244.989519 can0 00000000 [8] 06 00 00 00 00 00 00 00
1768349244.991625 can0 00000000 [0] 
1768349244.999775 can0 00000000 [8] 06 00 00 00 00 00 00 00
1768349245.001868 can0 00000000 [0] 
1768349245.009961 can0 00000000 [8] 06 00 00 00 00 00 00 00
1768349245.012043 can0 00000000 [0] 
1768349245.020128 can0 00000000 [8] 06 00 00 00 00 00 00 00
1768349245.022191 can0 00000000 [0] 
1768349245.030342 can0 00000000 [8] 06 00 00 00 00 00 00 00
1768349245.032439 can0 00000000 [0] 
1768349245.040560 can0 00000000 [8] 06 00 00 00 00 00 00 00
1768349245.042729 can0 00000000 [0] 
1768349245.050794 can0 00000000 [8] 06 00 00 00 00 00 00 00
1768349245.052922 can0 00000000 [0] 
1768349245.061044 can0 00000000 [8] 06 00 00 00 00 00 00 00
1768349245.063164 can0 00000000 [0] 
1768349245.071340 can0 00000000 [8] 06 00 00 00 00 00 00 00
1768349245.073440 can0 00000000 [0] 
