1768351794.617989 can0 601 [8] 40 61 60 00 00 00 00 00
1768351794.618810 can0 581 [8] 42 61 60 00 03 00 00 00
1768351794.718284 can0 601 [8] 23 40 60 00 06 00 00 00
1768351794.719040 can0 581 [8] 60 40 60 00 00 00 00 00
1768351795.118590 can0 601 [8] 23 60 60 00 03 00 00 00
1768351795.119437 can0 581 [8] 60 60 60 00 00 00 00 00
1768351795.718914 can0 601 [8] 40 61 60 00 00 00 00 00
1768351795.719657 can0 581 [8] 42 61 60 00 03 00 00 00
1768351795.819298 can0 601 [8] 23 40 60 00 07 00 00 00
1768351795.820035 can0 581 [8] 60 40 60 00 00 00 00 00
1768351796.219934 can0 601 [8] 23 40 60 00 0F 00 00 00
1768351796.220720 can0 581 [8] 60 40 60 00 00 00 00 00
1768351796.820268 can0 601 [8] 40 41 60 00 00 00 00 00
1768351796.821009 can0 581 [8] 42 41 60 00 37 06 00 00
1768351796.920463 can0 601 [8] 23 42 60 00 64 00 00 00
1768351796.921270 can0 581 [8] 80 42 60 00 00 00 02 06
1768351797.020639 can0 601 [8] 40 42 60 00 00 00 00 00
1768351797.021368 can0 581 [8] 80 42 60 00 00 00 02 06
1768351800.121133 can0 601 [8] 40 41 60 00 00 00 00 00
1768351800.121857 can0 581 [8] 42 41 60 00 37 06 00 00
1768351800.221361 can0 601 [8] 23 42 60 00 C8 00 00 00
1768351800.222096 can0 581 [8] 80 42 60 00 00 00 02 06
1768351800.321601 can0 601 [8] 40 42 60 00 00 00 00 00
1768351800.322433 can0 581 [8] 80 42 60 00 00 00 02 06
1768351803.422004 can0 601 [8] 40 41 60 00 00 00 00 00
1768351803.422776 can0 581 [8] 42 41 60 00 37 06 00 00
1768351803.522363 can0 601 [8] 23 42 60 00 9C FF FF FF
1768351803.523093 can0 581 [8] 80 42 60 00 00 00 02 06
1768351803.622642 can0 601 [8] 40 42 60 00 00 00 00 00
1768351803.623431 can0 581 [8] 80 42 60 00 00 00 02 06
1768351806.723564 can0 601 [8] 40 41 60 00 00 00 00 00
1768351806.724308 can0 581 [8] 42 41 60 00 37 06 00 00
1768351806.823779 can0 601 [8] 23 42 60 00 00 00 00 00
1768351806.824489 can0 581 [8] 80 42 60 00 00 00 02 06
1768351806.924737 can0 601 [8] 40 42 60 00 00 00 00 00
1768351806.925488 can0 581 [8] 80 42 60 00 00 00 02 06
1768351809.025356 can0 601 [8] 40 41 60 00 00 00 00 00
1768351809.026108 can0 581 [8] 42 41 60 00 37 06 00 00
1768351809.125726 can0 601 [8] 23 42 60 00 00 00 00 00
1768351809.126603 can0 581 [8] 80 42 60 00 00 00 02 06
