1768358539.746278 can0 601 [8] 2B 40 60 00 06 00 00 00
1768358540.347761 can0 601 [8] 2F 60 60 00 03 00 00 00
1768358540.570724 can0 200 [8] 00 10 00 00 00 00 60 80
1768358541.173648 can0 601 [8] 2B 40 60 00 07 00 00 00
1768358541.775238 can0 601 [8] 2B 40 60 00 0F 00 00 00
1768358542.476990 can0 601 [8] 40 61 60 00 00 00 00 00
1768358542.977792 can0 601 [8] 40 41 60 00 00 00 00 00
1768358543.479915 can0 601 [8] 23 FF 60 00 00 00 00 00
1768358544.081351 can0 601 [8] 23 FF 60 00 68 C5 FF FF
1768358544.703498 can0 601 [8] 23 FF 60 00 D0 8A FF FF
1768358545.325005 can0 601 [8] 23 FF 60 00 38 50 FF FF
1768358545.945988 can0 601 [8] 23 FF 60 00 A0 15 FF FF
1768358546.566914 can0 601 [8] 23 FF 60 00 08 DB FE FF
1768358547.188089 can0 601 [8] 23 FF 60 00 70 A0 FE FF
1768358547.809505 can0 601 [8] 23 FF 60 00 D8 65 FE FF
1768358548.431156 can0 601 [8] 23 FF 60 00 40 2B FE FF
1768358549.052518 can0 601 [8] 23 FF 60 00 A8 F0 FD FF
1768358549.674668 can0 601 [8] 23 FF 60 00 10 B6 FD FF
1768358550.295511 can0 601 [8] 23 FF 60 00 78 7B FD FF
1768358550.917159 can0 601 [8] 23 FF 60 00 E0 40 FD FF
1768358551.538540 can0 601 [8] 23 FF 60 00 14 17 FD FF
1768358552.160032 can0 601 [8] 40 6C 60 00 00 00 00 00
1768358553.161300 can0 601 [8] 40 6C 60 00 00 00 00 00
1768358554.162809 can0 601 [8] 40 6C 60 00 00 00 00 00
1768358555.164685 can0 601 [8] 40 6C 60 00 00 00 00 00
1768358556.165285 can0 601 [8] 40 6C 60 00 00 00 00 00
1768358557.166969 can0 601 [8] 23 FF 60 00 AC 51 FD FF
1768358557.776806 can0 601 [8] 23 FF 60 00 44 8C FD FF
1768358558.385976 can0 601 [8] 23 FF 60 00 DC C6 FD FF
1768358558.995971 can0 601 [8] 23 FF 60 00 74 01 FE FF
1768358559.605336 can0 601 [8] 23 FF 60 00 0C 3C FE FF
1768358560.214198 can0 601 [8] 23 FF 60 00 A4 76 FE FF
1768358560.824056 can0 601 [8] 23 FF 60 00 3C B1 FE FF
1768358561.433361 can0 601 [8] 23 FF 60 00 D4 EB FE FF
1768358797.812529 can0 601 [8] 23 FF 60 00 6C 26 FF FF
1768358797.812851 can0 581 [8] 60 40 60 00 00 00 00 00
1768358797.813038 can0 601 [8] 23 FF 60 00 04 61 FF FF
1768358797.813352 can0 581 [8] 60 60 60 00 00 00 00 00
1768358797.813353 can0 581 [8] 60 40 60 00 00 00 00 00
1768358797.813354 can0 581 [8] 60 40 60 00 00 00 00 00
1768358797.813522 can0 601 [8] 23 FF 60 00 9C 9B FF FF
1768358797.813857 can0 581 [8] 42 61 60 00 03 00 00 00
1768358797.814068 can0 601 [8] 23 FF 60 00 34 D6 FF FF
1768358797.814466 can0 581 [8] 42 41 60 00 28 06 00 00
1768358797.814467 can0 581 [8] 60 FF 60 00 00 00 00 00
1768358797.814467 can0 581 [8] 60 FF 60 00 00 00 00 00
1768358797.814636 can0 601 [8] 23 FF 60 00 00 00 00 00
1768358797.815053 can0 581 [8] 60 FF 60 00 00 00 00 00
1768358797.815053 can0 581 [8] 60 FF 60 00 00 00 00 00
1768358797.815164 can0 601 [8] 2B 40 60 00 07 00 00 00
1768358797.815562 can0 581 [8] 60 FF 60 00 00 00 00 00
1768358797.815563 can0 581 [8] 60 FF 60 00 00 00 00 00
1768358797.815563 can0 581 [8] 60 FF 60 00 00 00 00 00
1768358797.815788 can0 601 [8] 2B 40 60 00 06 00 00 00
1768358797.816057 can0 581 [8] 60 FF 60 00 00 00 00 00
1768358797.816284 can0 601 [8] 23 FF 60 00 00 00 00 00
1768358797.816626 can0 581 [8] 60 FF 60 00 00 00 00 00
1768358797.816626 can0 581 [8] 60 FF 60 00 00 00 00 00
1768358797.816795 can0 601 [8] 2B 40 60 00 07 00 00 00
1768358797.817183 can0 581 [8] 60 FF 60 00 00 00 00 00
1768358797.817183 can0 581 [8] 60 FF 60 00 00 00 00 00
1768358797.817183 can0 581 [8] 60 FF 60 00 00 00 00 00
1768358797.817351 can0 601 [8] 2B 40 60 00 06 00 00 00
1768358797.817692 can0 581 [8] 60 FF 60 00 00 00 00 00
1768358797.817693 can0 581 [8] 42 6C 60 00 FF FF FF FF
1768358797.817865 can0 602 [8] 2B 40 60 00 06 00 00 00
1768358797.818236 can0 581 [8] 42 6C 60 00 FF FF FF FF
1768358797.818409 can0 602 [8] 2F 60 60 00 03 00 00 00
1768358797.818747 can0 581 [8] 42 6C 60 00 FF FF FF FF
1768358797.818748 can0 581 [8] 42 6C 60 00 FF FF FF FF
1768358797.818748 can0 581 [8] 42 6C 60 00 FF FF FF FF
1768358797.818918 can0 602 [8] 2B 40 60 00 07 00 00 00
1768358797.819291 can0 581 [8] 60 FF 60 00 00 00 00 00
1768358797.819292 can0 581 [8] 60 FF 60 00 00 00 00 00
1768358797.819464 can0 602 [8] 2B 40 60 00 0F 00 00 00
1768358797.819802 can0 581 [8] 60 FF 60 00 00 00 00 00
1768358797.819802 can0 581 [8] 60 FF 60 00 00 00 00 00
1768358797.820015 can0 602 [8] 40 61 60 00 00 00 00 00
1768358797.820357 can0 581 [8] 60 FF 60 00 00 00 00 00
1768358797.820357 can0 581 [8] 60 FF 60 00 00 00 00 00
1768358797.820525 can0 602 [8] 40 41 60 00 00 00 00 00
1768358797.820867 can0 581 [8] 60 FF 60 00 00 00 00 00
1768358797.820868 can0 581 [8] 60 FF 60 00 00 00 00 00
1768358797.821063 can0 602 [8] 23 FF 60 00 00 00 00 00
1768358797.821409 can0 581 [8] 60 FF 60 00 00 00 00 00
1768358797.821520 can0 602 [8] 23 FF 60 00 68 C5 FF FF
1768358797.821921 can0 581 [8] 60 FF 60 00 00 00 00 00
1768358797.821922 can0 581 [8] 60 FF 60 00 00 00 00 00
1768358797.821922 can0 581 [8] 60 FF 60 00 00 00 00 00
1768358797.822066 can0 602 [8] 23 FF 60 00 D0 8A FF FF
1768358797.822467 can0 581 [8] 60 FF 60 00 00 00 00 00
1768358797.822468 can0 581 [8] 60 40 60 00 00 00 00 00
1768358797.822637 can0 602 [8] 23 FF 60 00 38 50 FF FF
1768358797.823011 can0 581 [8] 60 40 60 00 00 00 00 00
1768358797.823011 can0 581 [8] 60 FF 60 00 00 00 00 00
1768358797.823171 can0 602 [8] 23 FF 60 00 A0 15 FF FF
1768358797.823540 can0 581 [8] 60 40 60 00 00 00 00 00
1768358797.823540 can0 581 [8] 60 40 60 00 00 00 00 00
1768358797.823541 can0 582 [8] 60 40 60 00 00 00 00 00
1768358797.824021 can0 582 [8] 60 60 60 00 00 00 00 00
1768358797.824510 can0 582 [8] 60 40 60 00 00 00 00 00
1768358797.824510 can0 582 [8] 60 40 60 00 00 00 00 00
1768358797.824837 can0 582 [8] 42 61 60 00 03 00 00 00
1768358797.824838 can0 582 [8] 42 41 60 00 23 06 00 00
1768358797.825358 can0 582 [8] 60 FF 60 00 00 00 00 00
1768358797.825646 can0 582 [8] 60 FF 60 00 00 00 00 00
1768358797.825647 can0 582 [8] 60 FF 60 00 00 00 00 00
1768358797.826013 can0 582 [8] 60 FF 60 00 00 00 00 00
1768358797.826233 can0 582 [8] 60 FF 60 00 00 00 00 00
1768358798.511034 can0 200 [8] 00 40 00 00 00 00 08 5F
