1768358950.495943 can0 000 [2] 80 00
1768358950.596171 can0 000 [2] 01 00
1768358950.696993 can0 601 [8] 40 61 60 00 00 00 00 00
1768358950.697702 can0 581 [8] 42 61 60 00 03 00 00 00
1768358950.698152 can0 601 [8] 2B 40 60 00 06 00 00 00
1768358950.698931 can0 581 [8] 60 40 60 00 00 00 00 00
1768358950.799470 can0 601 [8] 2F 60 60 00 03 00 00 00
1768358950.800224 can0 581 [8] 60 60 60 00 00 00 00 00
1768358950.901175 can0 601 [8] 2B 40 60 00 07 00 00 00
1768358950.901910 can0 581 [8] 60 40 60 00 00 00 00 00
1768358951.003119 can0 601 [8] 2B 40 60 00 0F 00 00 00
1768358951.003931 can0 581 [8] 60 40 60 00 00 00 00 00
1768358951.204486 can0 601 [8] 40 61 60 00 00 00 00 00
1768358951.205229 can0 581 [8] 42 61 60 00 03 00 00 00
1768358951.205541 can0 601 [8] 40 41 60 00 00 00 00 00
1768358951.206295 can0 581 [8] 42 41 60 00 28 06 00 00
1768358951.206592 can0 601 [8] 23 FF 60 00 00 00 00 00
1768358951.207381 can0 581 [8] 60 FF 60 00 00 00 00 00
1768358951.308077 can0 601 [8] 23 FF 60 00 68 C5 FF FF
1768358951.308909 can0 581 [8] 60 FF 60 00 00 00 00 00
1768358951.430612 can0 601 [8] 23 FF 60 00 D0 8A FF FF
1768358951.431401 can0 581 [8] 60 FF 60 00 00 00 00 00
1768358951.551993 can0 601 [8] 23 FF 60 00 38 50 FF FF
1768358951.552883 can0 581 [8] 60 FF 60 00 00 00 00 00
1768358951.674694 can0 601 [8] 23 FF 60 00 A0 15 FF FF
1768358951.675468 can0 581 [8] 60 FF 60 00 00 00 00 00
1768358951.796023 can0 601 [8] 23 FF 60 00 08 DB FE FF
1768358951.796888 can0 581 [8] 60 FF 60 00 00 00 00 00
1768358951.917458 can0 601 [8] 23 FF 60 00 70 A0 FE FF
1768358951.918207 can0 581 [8] 60 FF 60 00 00 00 00 00
1768358952.038726 can0 601 [8] 23 FF 60 00 D8 65 FE FF
1768358952.039490 can0 581 [8] 60 FF 60 00 00 00 00 00
1768358952.160076 can0 601 [8] 23 FF 60 00 40 2B FE FF
1768358952.160891 can0 581 [8] 60 FF 60 00 00 00 00 00
1768358952.282536 can0 601 [8] 23 FF 60 00 A8 F0 FD FF
1768358952.283330 can0 581 [8] 60 FF 60 00 00 00 00 00
1768358952.403999 can0 601 [8] 23 FF 60 00 10 B6 FD FF
1768358952.404870 can0 581 [8] 60 FF 60 00 00 00 00 00
1768358952.526081 can0 601 [8] 23 FF 60 00 78 7B FD FF
1768358952.526900 can0 581 [8] 60 FF 60 00 00 00 00 00
1768358952.647615 can0 601 [8] 23 FF 60 00 E0 40 FD FF
1768358952.648470 can0 581 [8] 60 FF 60 00 00 00 00 00
1768358952.769047 can0 601 [8] 23 FF 60 00 14 17 FD FF
1768358952.769878 can0 581 [8] 60 FF 60 00 00 00 00 00
1768358952.891066 can0 601 [8] 40 6C 60 00 00 00 00 00
1768358952.891891 can0 581 [8] 42 6C 60 00 FF FF FF FF
1768358953.392349 can0 601 [8] 40 6C 60 00 00 00 00 00
1768358953.393115 can0 581 [8] 42 6C 60 00 FF FF FF FF
1768358953.893714 can0 601 [8] 40 6C 60 00 00 00 00 00
1768358953.894466 can0 581 [8] 42 6C 60 00 FF FF FF FF
1768358954.396226 can0 601 [8] 40 6C 60 00 00 00 00 00
1768358954.397013 can0 581 [8] 42 6C 60 00 FF FF FF FF
1768358954.898729 can0 601 [8] 40 6C 60 00 00 00 00 00
1768358954.899572 can0 581 [8] 42 6C 60 00 FF FF FF FF
1768358955.400665 can0 601 [8] 40 6C 60 00 00 00 00 00
1768358955.401424 can0 581 [8] 42 6C 60 00 FF FF FF FF
1768358955.902450 can0 601 [8] 40 6C 60 00 00 00 00 00
1768358955.903250 can0 581 [8] 42 6C 60 00 FF FF FF FF
1768358956.404247 can0 601 [8] 40 6C 60 00 00 00 00 00
1768358956.405048 can0 581 [8] 42 6C 60 00 FF FF FF FF
1768358956.905592 can0 601 [8] 40 6C 60 00 00 00 00 00
1768358956.906341 can0 581 [8] 42 6C 60 00 FF FF FF FF
1768358957.407704 can0 601 [8] 40 6C 60 00 00 00 00 00
1768358957.408462 can0 581 [8] 42 6C 60 00 FF FF FF FF
1768358957.910164 can0 601 [8] 23 FF 60 00 AC 51 FD FF
1768358957.911055 can0 581 [8] 60 FF 60 00 00 00 00 00
1768358958.020138 can0 601 [8] 23 FF 60 00 44 8C FD FF
1768358958.020881 can0 581 [8] 60 FF 60 00 00 00 00 00
1768358958.129676 can0 601 [8] 23 FF 60 00 DC C6 FD FF
1768358958.130518 can0 581 [8] 60 FF 60 00 00 00 00 00
1768358958.239186 can0 601 [8] 23 FF 60 00 74 01 FE FF
1768358958.239990 can0 581 [8] 60 FF 60 00 00 00 00 00
1768358958.349081 can0 601 [8] 23 FF 60 00 0C 3C FE FF
1768358958.349879 can0 581 [8] 60 FF 60 00 00 00 00 00
1768358958.458467 can0 601 [8] 23 FF 60 00 A4 76 FE FF
1768358958.459255 can0 581 [8] 60 FF 60 00 00 00 00 00
1768358958.567805 can0 601 [8] 23 FF 60 00 3C B1 FE FF
1768358958.568617 can0 581 [8] 60 FF 60 00 00 00 00 00
1768358958.677160 can0 601 [8] 23 FF 60 00 D4 EB FE FF
1768358958.677901 can0 581 [8] 60 FF 60 00 00 00 00 00
1768358958.786419 can0 601 [8] 23 FF 60 00 6C 26 FF FF
1768358958.787251 can0 581 [8] 60 FF 60 00 00 00 00 00
1768358958.895829 can0 601 [8] 23 FF 60 00 04 61 FF FF
1768358958.896638 can0 581 [8] 60 FF 60 00 00 00 00 00
1768358959.005617 can0 601 [8] 23 FF 60 00 9C 9B FF FF
1768358959.006458 can0 581 [8] 60 FF 60 00 00 00 00 00
1768358959.115092 can0 601 [8] 23 FF 60 00 34 D6 FF FF
1768358959.115854 can0 581 [8] 60 FF 60 00 00 00 00 00
1768358959.225001 can0 601 [8] 23 FF 60 00 00 00 00 00
1768358959.225830 can0 581 [8] 60 FF 60 00 00 00 00 00
1768358959.334360 can0 601 [8] 23 FF 60 00 00 00 00 00
1768358959.335139 can0 581 [8] 60 FF 60 00 00 00 00 00
1768358959.437029 can0 601 [8] 2B 40 60 00 07 00 00 00
1768358959.438016 can0 581 [8] 60 40 60 00 00 00 00 00
1768358959.488493 can0 601 [8] 2B 40 60 00 06 00 00 00
1768358959.489267 can0 581 [8] 60 40 60 00 00 00 00 00
