1768350372.202462 can0 601 [8] 40 41 60 00 00 00 00 00
1768350372.203201 can0 581 [8] 42 41 60 00 28 02 00 00
1768350372.252919 can0 000 [2] 82 01
1768350372.253825 can0 701 [1] 00
1768350373.253669 can0 000 [2] 01 01
1768350373.753979 can0 601 [8] 23 40 60 00 80 00 00 00
1768350373.754867 can0 581 [8] 60 40 60 00 00 00 00 00
1768350374.254290 can0 601 [8] 40 41 60 00 00 00 00 00
1768350374.255065 can0 581 [8] 42 41 60 00 60 02 00 00
1768350374.304630 can0 601 [8] 23 40 60 00 00 00 00 00
1768350374.305411 can0 581 [8] 60 40 60 00 00 00 00 00
1768350374.604865 can0 601 [8] 23 40 60 00 06 00 00 00
1768350374.605668 can0 581 [8] 60 40 60 00 00 00 00 00
1768350374.905179 can0 601 [8] 40 41 60 00 00 00 00 00
1768350374.905962 can0 581 [8] 42 41 60 00 21 02 00 00
1768350374.955517 can0 601 [8] 23 40 60 00 07 00 00 00
1768350374.956223 can0 581 [8] 60 40 60 00 00 00 00 00
1768350375.255802 can0 601 [8] 23 40 60 00 0F 00 00 00
1768350375.256660 can0 581 [8] 60 40 60 00 00 00 00 00
1768350375.556229 can0 601 [8] 40 41 60 00 00 00 00 00
1768350375.557091 can0 581 [8] 42 41 60 00 37 06 00 00
