1768352005.074094 can0 601 [8] 23 FF 60 00 00 00 00 00
1768352005.075006 can0 581 [8] 60 FF 60 00 00 00 00 00
1768352005.175405 can0 601 [8] 23 40 60 00 07 00 00 00
1768352005.176151 can0 581 [8] 60 40 60 00 00 00 00 00
1768352005.276501 can0 601 [8] 23 40 60 00 06 00 00 00
1768352005.277285 can0 581 [8] 60 40 60 00 00 00 00 00
1768352005.377725 can0 601 [8] 23 40 60 00 00 00 00 00
1768352005.378464 can0 581 [8] 60 40 60 00 00 00 00 00
1768352041.780762 can0 601 [8] 40 61 60 00 00 00 00 00
1768352041.781511 can0 581 [8] 42 61 60 00 03 00 00 00
1768352041.781773 can0 601 [8] 2B 40 60 00 06 00 00 00
1768352041.782616 can0 581 [8] 60 40 60 00 00 00 00 00
1768352041.983064 can0 601 [8] 2F 60 60 00 03 00 00 00
1768352041.983799 can0 581 [8] 60 60 60 00 00 00 00 00
1768352042.184516 can0 601 [8] 2B 40 60 00 07 00 00 00
1768352042.185396 can0 581 [8] 60 40 60 00 00 00 00 00
1768352042.286603 can0 601 [8] 2B 40 60 00 0F 00 00 00
1768352042.287379 can0 581 [8] 60 40 60 00 00 00 00 00
1768352042.487864 can0 601 [8] 40 61 60 00 00 00 00 00
1768352042.488621 can0 581 [8] 42 61 60 00 03 00 00 00
1768352042.488858 can0 601 [8] 23 FF 60 00 64 00 00 00
1768352042.490929 can0 581 [8] 60 FF 60 00 00 00 00 00
1768352044.491386 can0 601 [8] 23 FF 60 00 C8 00 00 00
1768352044.492164 can0 581 [8] 60 FF 60 00 00 00 00 00
1768352046.492622 can0 601 [8] 23 FF 60 00 9C FF FF FF
1768352046.493484 can0 581 [8] 60 FF 60 00 00 00 00 00
1768352048.493958 can0 601 [8] 23 FF 60 00 00 00 00 00
1768352048.494762 can0 581 [8] 60 FF 60 00 00 00 00 00
1768352049.495121 can0 601 [8] 23 FF 60 00 00 00 00 00
1768352049.495884 can0 581 [8] 60 FF 60 00 00 00 00 00
1768352049.596286 can0 601 [8] 2B 40 60 00 07 00 00 00
1768352049.597094 can0 581 [8] 60 40 60 00 00 00 00 00
1768352049.697393 can0 601 [8] 2B 40 60 00 06 00 00 00
1768352049.698225 can0 581 [8] 60 40 60 00 00 00 00 00
